  Cleaning TutorialsEditor Binaries...
  Using 'git status' to determine working set for adaptive non-unity build.
  Using 'git status' to determine working set for adaptive non-unity build.
  Creating makefile for TutorialsEditor (no existing makefile)
  Performing full C++ include scan (no include cache file)
  Using Visual Studio 2017 14.15.26726 toolchain (C:\Program Files (x86)\Microsoft Visual Studio\2017\Community\VC\Tools\MSVC\14.15.26726) and Windows 10.0.17134.0 SDK (C:\Program Files (x86)\Windows Kits\10).
  Parsing headers for TutorialsEditor
    Running UnrealHeaderTool "E:\Unreal_Projects\Tutorials\Tutorials.uproject" "E:\Unreal_Projects\Tutorials\Intermediate\Build\Win64\TutorialsEditor\Development\TutorialsEditor.uhtmanifest" -LogCmds="loginit warning, logexit warning, logdatabase error" -Unattended -WarningsAsErrors -installed
  Reflection code generated for TutorialsEditor in 8.3199224 seconds
  Building 12 actions with 8 processes...
    [1/12] PCLaunch.rc
    [2/12] SharedPCH.Engine.cpp
    [3/12] Tutorials.cpp
    [4/12] CameraDirector.gen.cpp
    [5/12] Tutorials.init.gen.cpp
    [6/12] TutorialsGameModeBase.cpp
    [7/12] FPSCharacter.cpp
    [8/12] TutorialsGameModeBase.gen.cpp
    [9/12] FPSCharacter.gen.cpp
    [10/12] CameraDirector.cpp
    [11/12] UE4Editor-Tutorials.lib
       Creating library E:\Unreal_Projects\Tutorials\Intermediate\Build\Win64\UE4Editor\Development\Tutorials\UE4Editor-Tutorials.lib and object E:\Unreal_Projects\Tutorials\Intermediate\Build\Win64\UE4Editor\Development\Tutorials\UE4Editor-Tutorials.exp
    [12/12] UE4Editor-Tutorials.dll
       Creating library E:\Unreal_Projects\Tutorials\Intermediate\Build\Win64\UE4Editor\Development\Tutorials\UE4Editor-Tutorials.suppressed.lib and object E:\Unreal_Projects\Tutorials\Intermediate\Build\Win64\UE4Editor\Development\Tutorials\UE4Editor-Tutorials.suppressed.exp
  Deploying TutorialsEditor Win64 Development...
  Total build time: 41.90 seconds (Parallel executor: 27.53 seconds)
