Log file open, 08/31/18 08:19:35
LogWindows: Failed to load 'aqProf.dll' (GetLastError=126)
LogWindows: File 'aqProf.dll' does not exist
LogWindows: Failed to load 'VtuneApi.dll' (GetLastError=126)
LogWindows: File 'VtuneApi.dll' does not exist
LogWindows: Failed to load 'VtuneApi32e.dll' (GetLastError=126)
LogWindows: File 'VtuneApi32e.dll' does not exist
LogInit: Display: Running engine for game: Tutorials
LogPlatformFile: Not using cached read wrapper
LogTaskGraph: Started task graph with 5 named threads and 23 total threads with 3 sets of task threads.
LogStats: Stats thread started at 0.273902
LogD3D11RHI: Loaded GFSDK_Aftermath_Lib.x64.dll
LogICUInternationalization: Display: ICU TimeZone Detection - Raw Offset: -8:00, Platform Override: ''
LogPluginManager: Mounting plugin Paper2D
LogPluginManager: Mounting plugin AISupport
LogPluginManager: Mounting plugin LightPropagationVolume
LogPluginManager: Mounting plugin CLionSourceCodeAccess
LogPluginManager: Mounting plugin CodeLiteSourceCodeAccess
LogPluginManager: Mounting plugin GitSourceControl
LogPluginManager: Mounting plugin KDevelopSourceCodeAccess
LogPluginManager: Mounting plugin NullSourceCodeAccess
LogPluginManager: Mounting plugin PerforceSourceControl
LogPluginManager: Mounting plugin SubversionSourceControl
LogPluginManager: Mounting plugin UObjectPlugin
LogPluginManager: Mounting plugin VisualStudioCodeSourceCodeAccess
LogPluginManager: Mounting plugin VisualStudioSourceCodeAccess
LogPluginManager: Mounting plugin XCodeSourceCodeAccess
LogPluginManager: Mounting plugin AssetManagerEditor
LogPluginManager: Mounting plugin CryptoKeys
LogPluginManager: Mounting plugin DataValidation
LogPluginManager: Mounting plugin FacialAnimation
LogPluginManager: Mounting plugin GameplayTagsEditor
LogPluginManager: Mounting plugin MacGraphicsSwitching
LogPluginManager: Mounting plugin MeshEditor
LogPluginManager: Mounting plugin MobileLauncherProfileWizard
LogPluginManager: Mounting plugin PluginBrowser
LogPluginManager: Mounting plugin SpeedTreeImporter
LogPluginManager: Mounting plugin DatasmithContent
LogPluginManager: Mounting plugin AlembicImporter
LogPluginManager: Mounting plugin AppleImageUtils
LogPluginManager: Mounting plugin AppleVision
LogPluginManager: Mounting plugin BackChannel
LogPluginManager: Mounting plugin CharacterAI
LogPluginManager: Mounting plugin GeometryCache
LogPluginManager: Mounting plugin HTML5Networking
LogPluginManager: Mounting plugin ProxyLODPlugin
LogPluginManager: Mounting plugin MagicLeap
LogPluginManager: Mounting plugin MagicLeapEmulator
LogPluginManager: Mounting plugin MagicLeapMedia
LogPluginManager: Mounting plugin AndroidMedia
LogPluginManager: Mounting plugin AvfMedia
LogPluginManager: Mounting plugin ImgMedia
LogPluginManager: Mounting plugin LinearTimecode
LogPluginManager: Mounting plugin MediaCompositing
LogPluginManager: Mounting plugin MediaPlayerEditor
LogPluginManager: Mounting plugin WmfMedia
LogPluginManager: Mounting plugin TcpMessaging
LogPluginManager: Mounting plugin UdpMessaging
LogPluginManager: Mounting plugin ActorSequence
LogPluginManager: Mounting plugin LevelSequenceEditor
LogPluginManager: Mounting plugin MatineeToLevelSequence
LogPluginManager: Mounting plugin NetcodeUnitTest
LogPluginManager: Mounting plugin NUTUnrealEngine4
LogPluginManager: Mounting plugin OnlineSubsystemGooglePlay
LogPluginManager: Mounting plugin OnlineSubsystemIOS
LogPluginManager: Mounting plugin OnlineSubsystem
LogPluginManager: Mounting plugin OnlineSubsystemNull
LogPluginManager: Mounting plugin OnlineSubsystemUtils
LogPluginManager: Mounting plugin LauncherChunkInstaller
LogPluginManager: Mounting plugin AndroidDeviceProfileSelector
LogPluginManager: Mounting plugin AndroidMoviePlayer
LogPluginManager: Mounting plugin AndroidPermission
LogPluginManager: Mounting plugin AppleMoviePlayer
LogPluginManager: Mounting plugin ArchVisCharacter
LogPluginManager: Mounting plugin AudioCapture
LogPluginManager: Mounting plugin CableComponent
LogPluginManager: Mounting plugin CustomMeshComponent
LogPluginManager: Mounting plugin EditableMesh
LogPluginManager: Mounting plugin ExampleDeviceProfileSelector
LogPluginManager: Mounting plugin GoogleCloudMessaging
LogPluginManager: Mounting plugin ImmediatePhysics
LogPluginManager: Mounting plugin IOSDeviceProfileSelector
LogPluginManager: Mounting plugin LinuxDeviceProfileSelector
LogPluginManager: Mounting plugin LocationServicesBPLibrary
LogPluginManager: Mounting plugin MobilePatchingUtils
LogPluginManager: Mounting plugin OculusVR
LogPluginManager: Plugin shader directory ../../../Engine/Plugins/Runtime/Oculus/OculusVR/Shaders found
LogPluginManager: Mapping shader source directory ../../../Engine/Plugins/Runtime/Oculus/OculusVR/Shaders to virtual directory /Plugin/OculusVR
LogPluginManager: Mounting plugin PhysXVehicles
LogPluginManager: Mounting plugin ProceduralMeshComponent
LogPluginManager: Mounting plugin RuntimePhysXCooking
LogPluginManager: Mounting plugin SteamVR
LogPluginManager: Mounting plugin WindowsMoviePlayer
LogStreaming: Display: Took  0.067s to configure plugins.
LogInit: Using libcurl 7.55.1-DEV
LogInit:  - built for x86_64-pc-win32
LogInit:  - supports SSL with OpenSSL/1.0.2h
LogInit:  - supports HTTP deflate (compression) using libz 1.2.8
LogInit:  - other features:
LogInit:      CURL_VERSION_SSL
LogInit:      CURL_VERSION_LIBZ
LogInit:      CURL_VERSION_IPV6
LogInit:      CURL_VERSION_ASYNCHDNS
LogInit:      CURL_VERSION_LARGEFILE
LogInit:      CURL_VERSION_IDN
LogInit:  CurlRequestOptions (configurable via config and command line):
LogInit:  - bVerifyPeer = false  - Libcurl will NOT verify peer certificate
LogInit:  - bUseHttpProxy = false  - Libcurl will NOT use HTTP proxy
LogInit:  - bDontReuseConnections = false  - Libcurl will reuse connections
LogInit:  - CertBundlePath = nullptr  - Libcurl will use whatever was configured at build time.
LogInit:  - MaxHostConnections = 16  - Libcurl will limit the number of connections to a host
LogInit:  - LocalHostAddr = Default
LogInit:  - BufferSize = 65536
LogInit: WinSock: version 1.1 (2.2), MaxSocks=32767, MaxUdp=65467
LogInit: Build: ++UE4+Release-4.20-CL-4302132
LogInit: Engine Version: 4.20.2-4302132+++UE4+Release-4.20
LogInit: Compatible Engine Version: 4.20.0-4212847+++UE4+Release-4.20
LogInit: Net CL: 4212847
LogInit: OS: Windows 10 (), CPU: Intel(R) Core(TM) i7-4770 CPU @ 3.40GHz, GPU: AMD Radeon HD 6900 Series
LogInit: Compiled (64-bit): Aug 21 2018 02:06:06
LogInit: Compiled with Visual C++: 19.13.26129.00
LogInit: Build Configuration: Development
LogInit: Branch Name: ++UE4+Release-4.20
LogInit: Command Line:  
LogInit: Base Directory: E:/ProgramFiles/UE4/Epic Games/UE_4.20/Engine/Binaries/Win64/
LogInit: Installed Engine Build: 1
LogDevObjectVersion: Number of dev versions registered: 20
LogDevObjectVersion:   Dev-Blueprints (B0D832E4-1F89-4F0D-ACCF-7EB736FD4AA2): 10
LogDevObjectVersion:   Dev-Build (E1C64328-A22C-4D53-A36C-8E866417BD8C): 0
LogDevObjectVersion:   Dev-Core (375EC13C-06E4-48FB-B500-84F0262A717E): 2
LogDevObjectVersion:   Dev-Editor (E4B068ED-F494-42E9-A231-DA0B2E46BB41): 24
LogDevObjectVersion:   Dev-Framework (CFFC743F-43B0-4480-9391-14DF171D2073): 34
LogDevObjectVersion:   Dev-Mobile (B02B49B5-BB20-44E9-A304-32B752E40360): 2
LogDevObjectVersion:   Dev-Networking (A4E4105C-59A1-49B5-A7C5-40C4547EDFEE): 0
LogDevObjectVersion:   Dev-Online (39C831C9-5AE6-47DC-9A44-9C173E1C8E7C): 0
LogDevObjectVersion:   Dev-Physics (78F01B33-EBEA-4F98-B9B4-84EACCB95AA2): 0
LogDevObjectVersion:   Dev-Platform (6631380F-2D4D-43E0-8009-CF276956A95A): 0
LogDevObjectVersion:   Dev-Rendering (12F88B9F-8875-4AFC-A67C-D90C383ABD29): 26
LogDevObjectVersion:   Dev-Sequencer (7B5AE74C-D270-4C10-A958-57980B212A5A): 9
LogDevObjectVersion:   Dev-VR (D7296918-1DD6-4BDD-9DE2-64A83CC13884): 2
LogDevObjectVersion:   Dev-LoadTimes (C2A15278-BFE7-4AFE-6C17-90FF531DF755): 1
LogDevObjectVersion:   Private-Geometry (6EACA3D4-40EC-4CC1-B786-8BED09428FC5): 3
LogDevObjectVersion:   Dev-AnimPhys (29E575DD-E0A3-4627-9D10-D276232CDCEA): 17
LogDevObjectVersion:   Dev-ReflectionCapture (6B266CEC-1EC7-4B8F-A30B-E4D90942FC07): 1
LogDevObjectVersion:   Dev-Automation (0DF73D61-A23F-47EA-B727-89E90C41499A): 1
LogDevObjectVersion:   FortniteMain (601D1886-AC64-4F84-AA16-D3DE0DEAC7D6): 12
LogDevObjectVersion:   Dev-Enterprise (9DFFBCD6-494F-0158-E221-12823C92A888): 1
LogStreaming: Display: Took  0.000s to delete old logs.
LogInit: Presizing for max 8388607 objects, including 0 objects not considered by GC, pre-allocating 0 bytes for permanent pool.
LogInit: Object subsystem initialized
[2018.08.31-15.19.36:170][  0]LogInit: Selected Device Profile: [Windows]
[2018.08.31-15.19.36:170][  0]LogInit: Applying CVar settings loaded from the selected device profile: [Windows]
[2018.08.31-15.19.36:181][  0]LogHAL: Display: Platform has ~ 16 GB [17119518720 / 17179869184 / 16], which maps to Larger [LargestMinGB=32, LargerMinGB=12, DefaultMinGB=8, SmallerMinGB=6, SmallestMinGB=0)
[2018.08.31-15.19.36:181][  0]LogInit: Setting Device Profile CVar: [[r.Vulkan.UseRealUBs:1]]
[2018.08.31-15.19.36:181][  0]LogInit: Going up to parent DeviceProfile []
[2018.08.31-15.19.36:181][  0]LogInit: Computer: NEIL-PC
[2018.08.31-15.19.36:181][  0]LogInit: User: Neil
[2018.08.31-15.19.36:181][  0]LogInit: CPU Page size=4096, Cores=4
[2018.08.31-15.19.36:181][  0]LogInit: High frequency timer resolution =3.312644 MHz
[2018.08.31-15.19.36:182][  0]LogMemory: Memory total: Physical=15.9GB (16GB approx)
[2018.08.31-15.19.36:182][  0]LogMemory: Platform Memory Stats for Windows
[2018.08.31-15.19.36:182][  0]LogMemory: Process Physical Memory: 100.42 MB used, 100.42 MB peak
[2018.08.31-15.19.36:182][  0]LogMemory: Process Virtual Memory: 91.15 MB used, 91.15 MB peak
[2018.08.31-15.19.36:182][  0]LogMemory: Physical Memory: 5717.82 MB used,  10608.62 MB free, 16326.45 MB total
[2018.08.31-15.19.36:182][  0]LogMemory: Virtual Memory: 4640.73 MB used,  10608.62 MB free, 134217728.00 MB total
[2018.08.31-15.19.36:193][  0]LogInit: Using OS detected language (en-US).
[2018.08.31-15.19.36:193][  0]LogInit: Using OS detected locale (en-US).
[2018.08.31-15.19.36:194][  0]LogTextLocalizationManager: No specific localization for 'en-US' exists, so the 'en' localization will be used.
[2018.08.31-15.19.36:543][  0]LogStreaming: Display: Took  0.350s to InitEngineTextLocalization.
[2018.08.31-15.19.36:543][  0]LogInit: Setting process to per monitor DPI aware
[2018.08.31-15.19.36:581][  0]LogSlate: New Slate User Created.  User Index 0, Is Virtual User: 0
[2018.08.31-15.19.36:581][  0]LogSlate: Slate User Registered.  User Index 0, Is Virtual User: 0
[2018.08.31-15.19.36:750][  0]LogHMD: Failed to initialize OpenVR with code 105
[2018.08.31-15.19.36:750][  0]LogD3D11RHI: D3D11 adapters:
[2018.08.31-15.19.36:759][  0]LogD3D11RHI:    0. 'AMD Radeon HD 6900 Series' (Feature Level 11_0)
[2018.08.31-15.19.36:759][  0]LogD3D11RHI:       1008/0/3840 MB DedicatedVideo/DedicatedSystem/SharedSystem, Outputs:2, VendorId:0x1002
[2018.08.31-15.19.36:761][  0]LogD3D11RHI:    1. 'Microsoft Basic Render Driver' (Feature Level 11_0)
[2018.08.31-15.19.36:761][  0]LogD3D11RHI:       0/0/8163 MB DedicatedVideo/DedicatedSystem/SharedSystem, Outputs:0, VendorId:0x1414
[2018.08.31-15.19.36:761][  0]LogD3D11RHI: Chosen D3D11 Adapter: 0
[2018.08.31-15.19.36:766][  0]LogD3D11RHI: Creating new Direct3DDevice
[2018.08.31-15.19.36:766][  0]LogD3D11RHI:     GPU DeviceId: 0x6719 (for the marketing name, search the web for "GPU Device Id")
[2018.08.31-15.19.36:766][  0]LogWindows: EnumDisplayDevices:
[2018.08.31-15.19.36:766][  0]LogWindows:    0. 'AMD Radeon HD 6900 Series' (P:1 D:1)
[2018.08.31-15.19.36:767][  0]LogWindows:    1. 'AMD Radeon HD 6900 Series' (P:0 D:1)
[2018.08.31-15.19.36:767][  0]LogWindows:    2. 'AMD Radeon HD 6900 Series' (P:0 D:0)
[2018.08.31-15.19.36:767][  0]LogWindows:    3. 'AMD Radeon HD 6900 Series' (P:0 D:0)
[2018.08.31-15.19.36:767][  0]LogWindows:    4. 'AMD Radeon HD 6900 Series' (P:0 D:0)
[2018.08.31-15.19.36:767][  0]LogWindows:    5. 'AMD Radeon HD 6900 Series' (P:0 D:0)
[2018.08.31-15.19.36:768][  0]LogWindows: DebugString: FoundDriverCount:6 
[2018.08.31-15.19.36:768][  0]LogD3D11RHI:     Adapter Name: AMD Radeon HD 6900 Series
[2018.08.31-15.19.36:768][  0]LogD3D11RHI:   Driver Version: Catalyst 15.7.1 (internal:15.200.1062.1004, unified:15.200.1062.1004)
[2018.08.31-15.19.36:768][  0]LogD3D11RHI:      Driver Date: 8-3-2015
[2018.08.31-15.19.36:768][  0]LogRHI: Texture pool is 706 MB (70% of 1008 MB)
[2018.08.31-15.19.36:796][  0]LogD3D11RHI: AMD Pre GCN architecture detected, some driver workarounds will be in place
[2018.08.31-15.19.36:802][  0]LogD3D11RHI: Async texture creation enabled
[2018.08.31-15.19.36:813][  0]LogD3D11RHI: GPU Timing Frequency: 27.000000 (Debug: 2 1)
[2018.08.31-15.19.36:814][  0]LogShaderCompilers: Guid format shader working directory is -1 characters bigger than the processId version (../../../../../../../Unreal_Projects/Tutorials/Intermediate/Shaders/WorkingDirectory/7652/).
[2018.08.31-15.19.36:814][  0]LogShaderCompilers: Cleaned the shader compiler working directory 'C:/Users/Neil/AppData/Local/Temp/UnrealShaderWorkingDir/944FFD0D41B5961E1DE00DB642E2B9A8/'.
[2018.08.31-15.19.37:051][  0]LogTemp: Display: Loaded TP AllDesktopTargetPlatform
[2018.08.31-15.19.37:063][  0]LogTemp: Display: Loaded TP MacClientTargetPlatform
[2018.08.31-15.19.37:074][  0]LogTemp: Display: Loaded TP MacNoEditorTargetPlatform
[2018.08.31-15.19.37:085][  0]LogTemp: Display: Loaded TP MacServerTargetPlatform
[2018.08.31-15.19.37:097][  0]LogTemp: Display: Loaded TP MacTargetPlatform
[2018.08.31-15.19.37:108][  0]LogTemp: Display: Loaded TP WindowsClientTargetPlatform
[2018.08.31-15.19.37:119][  0]LogTemp: Display: Loaded TP WindowsNoEditorTargetPlatform
[2018.08.31-15.19.37:131][  0]LogTemp: Display: Loaded TP WindowsServerTargetPlatform
[2018.08.31-15.19.37:136][  0]LogTemp: Display: Loaded TP WindowsTargetPlatform
[2018.08.31-15.19.37:237][  0]LogTemp: Display: Loaded TP AndroidTargetPlatform
[2018.08.31-15.19.37:237][  0]LogTemp: Display: Loaded TP AndroidTargetPlatform
[2018.08.31-15.19.37:237][  0]LogTemp: Display: Loaded TP AndroidTargetPlatform
[2018.08.31-15.19.37:237][  0]LogTemp: Display: Loaded TP AndroidTargetPlatform
[2018.08.31-15.19.37:237][  0]LogTemp: Display: Loaded TP AndroidTargetPlatform
[2018.08.31-15.19.37:237][  0]LogTemp: Display: Loaded TP AndroidTargetPlatform
[2018.08.31-15.19.37:237][  0]LogTemp: Display: Loaded TP AndroidTargetPlatform
[2018.08.31-15.19.37:237][  0]LogTemp: Display: Loaded TP AndroidTargetPlatform
[2018.08.31-15.19.37:237][  0]LogTemp: Display: Loaded TP AndroidTargetPlatform
[2018.08.31-15.19.37:237][  0]LogTemp: Display: Loaded TP AndroidTargetPlatform
[2018.08.31-15.19.37:237][  0]LogTemp: Display: Loaded TP AndroidTargetPlatform
[2018.08.31-15.19.37:237][  0]LogTemp: Display: Loaded TP AndroidTargetPlatform
[2018.08.31-15.19.37:237][  0]LogTemp: Display: Loaded TP AndroidTargetPlatform
[2018.08.31-15.19.37:237][  0]LogTemp: Display: Loaded TP AndroidTargetPlatform
[2018.08.31-15.19.37:237][  0]LogTemp: Display: Loaded TP AndroidTargetPlatform
[2018.08.31-15.19.37:237][  0]LogTemp: Display: Loaded TP AndroidTargetPlatform
[2018.08.31-15.19.37:237][  0]LogTemp: Display: Loaded TP AndroidTargetPlatform
[2018.08.31-15.19.37:237][  0]LogTemp: Display: Loaded TP AndroidTargetPlatform
[2018.08.31-15.19.37:238][  0]LogTemp: Display: Loaded TP HTML5TargetPlatform
[2018.08.31-15.19.37:295][  0]LogTemp: Display: Loaded TP IOSTargetPlatform
[2018.08.31-15.19.37:295][  0]LogTemp: Display: Loaded TP IOSTargetPlatform
[2018.08.31-15.19.37:315][  0]LogTemp: Display: Loaded TP TVOSTargetPlatform
[2018.08.31-15.19.37:315][  0]LogTemp: Display: Loaded TP TVOSTargetPlatform
[2018.08.31-15.19.37:326][  0]LogTemp: Display: Loaded TP LinuxClientTargetPlatform
[2018.08.31-15.19.37:337][  0]LogTemp: Display: Loaded TP LinuxNoEditorTargetPlatform
[2018.08.31-15.19.37:347][  0]LogTemp: Display: Loaded TP LinuxServerTargetPlatform
[2018.08.31-15.19.37:359][  0]LogTemp: Display: Loaded TP LinuxTargetPlatform
[2018.08.31-15.19.37:366][  0]LogTemp: Display: Loaded TP LuminTargetPlatform
[2018.08.31-15.19.37:367][  0]LogTargetPlatformManager: Display: Building Assets For Windows
[2018.08.31-15.19.37:646][  0]LogXGEController: Cannot use XGE Controller as Incredibuild is not installed on this machine.
[2018.08.31-15.19.37:646][  0]LogShaderCompilers: Cannot use XGE Shader Compiler as Incredibuild is not installed on this machine.
[2018.08.31-15.19.37:647][  0]LogShaderCompilers: Display: Using Local Shader Compiler.
[2018.08.31-15.19.38:761][  0]LogDerivedDataCache: Display: Max Cache Size: 512 MB
[2018.08.31-15.19.38:816][  0]LogDerivedDataCache: Loaded boot cache 0.05s 71MB C:/Users/Neil/AppData/Local/UnrealEngine/4.20/DerivedDataCache/Boot.ddc.
[2018.08.31-15.19.38:816][  0]LogDerivedDataCache: Display: Loaded Boot cache: C:/Users/Neil/AppData/Local/UnrealEngine/4.20/DerivedDataCache/Boot.ddc
[2018.08.31-15.19.38:816][  0]LogDerivedDataCache: FDerivedDataBackendGraph:  Pak pak cache file ../../../../../../../Unreal_Projects/Tutorials/DerivedDataCache/DDC.ddp not found, will not use a pak cache.
[2018.08.31-15.19.38:816][  0]LogDerivedDataCache: Unable to find inner node Pak for hierarchical cache Hierarchy.
[2018.08.31-15.19.38:816][  0]LogDerivedDataCache: FDerivedDataBackendGraph:  CompressedPak pak cache file ../../../../../../../Unreal_Projects/Tutorials/DerivedDataCache/Compressed.ddp not found, will not use a pak cache.
[2018.08.31-15.19.38:816][  0]LogDerivedDataCache: Unable to find inner node CompressedPak for hierarchical cache Hierarchy.
[2018.08.31-15.19.38:828][  0]LogDerivedDataCache: Display: Pak cache opened for reading ../../../Engine/DerivedDataCache/Compressed.ddp.
[2018.08.31-15.19.38:840][  0]LogDerivedDataCache: Using Local data cache path C:/Users/Neil/AppData/Local/UnrealEngine/Common/DerivedDataCache: Writable
[2018.08.31-15.19.38:840][  0]LogDerivedDataCache: Shared data cache path not found in *engine.ini, will not use an Shared cache.
[2018.08.31-15.19.38:840][  0]LogDerivedDataCache: Unable to find inner node Shared for hierarchical cache Hierarchy.
[2018.08.31-15.19.38:858][  0]LogMaterial: Verifying Global Shaders for PCD3D_SM5
[2018.08.31-15.19.38:859][  0]LogSlate: Using FreeType 2.6.0
[2018.08.31-15.19.38:860][  0]LogSlate: SlateFontServices - WITH_FREETYPE: 1, WITH_HARFBUZZ: 1
[2018.08.31-15.19.38:928][  0]LogAssetRegistry: FAssetRegistry took 0.0259 seconds to start up
[2018.08.31-15.19.39:237][  0]LogInit: Selected Device Profile: [Windows]
[2018.08.31-15.19.39:350][  0]LogSimplygon: Simplygon DLL not present - disabling.
[2018.08.31-15.19.39:352][  0]LogMeshReduction: Using SimplygonSwarm for distributed automatic mesh merging
[2018.08.31-15.19.39:352][  0]LogMeshReduction: Using ProxyLODMeshReduction for automatic mesh merging
[2018.08.31-15.19.39:352][  0]LogMeshReduction: Using QuadricMeshReduction for automatic static mesh reduction
[2018.08.31-15.19.39:352][  0]LogMeshReduction: No automatic skeletal mesh reduction module available
[2018.08.31-15.19.39:374][  0]LogNetVersion: Tutorials 1.0.0, NetCL: 4212847, EngineNetVer: 5, GameNetVer: 0 (Checksum: 3929682011)
[2018.08.31-15.19.39:799][  0]LogPackageLocalizationCache: Processed 11 localized package path(s) for 2 prioritized culture(s) in 0.075821 seconds
[2018.08.31-15.19.39:805][  0]LogUObjectArray: 38425 objects as part of root set at end of initial load.
[2018.08.31-15.19.39:805][  0]LogUObjectAllocator: 6690872 out of 0 bytes used by permanent object pool.
[2018.08.31-15.19.39:805][  0]LogUObjectArray: CloseDisregardForGC: 0/0 objects in disregard for GC pool
[2018.08.31-15.19.40:569][  0]LogTcpMessaging: Initializing TcpMessaging bridge
[2018.08.31-15.19.40:581][  0]LogUdpMessaging: Initializing bridge on interface 0.0.0.0:0 to multicast group 230.0.0.1:6666.
[2018.08.31-15.19.40:720][  0]SourceControl: Source control is disabled
[2018.08.31-15.19.40:720][  0]SourceControl: Source control is disabled
[2018.08.31-15.19.40:721][  0]SourceControl: Source control is disabled
[2018.08.31-15.19.40:721][  0]SourceControl: Source control is disabled
[2018.08.31-15.19.40:868][  0]LogAndroidPermission: UAndroidPermissionCallbackProxy::GetInstance
[2018.08.31-15.19.41:078][  0]LogOcInput: OculusInput pre-init called
[2018.08.31-15.19.41:134][  0]LogEngine: Initializing Engine...
[2018.08.31-15.19.41:140][  0]LogHMD: Failed to initialize OpenVR with code 105
[2018.08.31-15.19.41:141][  0]LogStats: UGameplayTagsManager::ConstructGameplayTagTree: ImportINI prefixes -  0.000 s
[2018.08.31-15.19.41:141][  0]LogStats: UGameplayTagsManager::ConstructGameplayTagTree: Construct from data asset -  0.000 s
[2018.08.31-15.19.41:141][  0]LogStats: UGameplayTagsManager::ConstructGameplayTagTree: ImportINI -  0.000 s
[2018.08.31-15.19.41:141][  0]LogStats: UGameplayTagsManager::ConstructGameplayTagTree: GameplayTagTreeChangedEvent.Broadcast -  0.000 s
[2018.08.31-15.19.41:384][  0]LogInit: Initializing FReadOnlyCVARCache
[2018.08.31-15.19.41:393][  0]LogAIModule: Creating AISystem for world Untitled
[2018.08.31-15.19.41:402][  0]LogInit: XAudio2 using 'Speakers (Realtek High Definition Audio)' : 2 channels at 48 kHz using 32 bits per sample (channel mask 0x3)
[2018.08.31-15.19.41:423][  0]LogInit: FAudioDevice initialized.
[2018.08.31-15.19.41:424][  0]LogNetVersion: Set ProjectVersion to 1.0.0.0. Version Checksum will be recalculated on next use.
[2018.08.31-15.19.41:501][  0]LogDerivedDataCache: Saved boot cache 0.08s 71MB C:/Users/Neil/AppData/Local/UnrealEngine/4.20/DerivedDataCache/Boot.ddc.
[2018.08.31-15.19.41:505][  0]LogInit: Texture streaming: Enabled
[2018.08.31-15.19.41:520][  0]LogEngineSessionManager: EngineSessionManager initialized
[2018.08.31-15.19.41:532][  0]LogInit: Transaction tracking system initialized
[2018.08.31-15.19.41:553][  0]BlueprintLog: New page: Editor Load
[2018.08.31-15.19.41:628][  0]LocalizationService: Localization service is disabled
[2018.08.31-15.19.41:919][  0]LogCook: Display: Max memory allowance for cook 16384mb min free memory 0mb
[2018.08.31-15.19.41:919][  0]LogCook: Display: Mobile HDR setting 1
[2018.08.31-15.19.41:919][  0]LogGameplayTags: Display: UGameplayTagsManager::DoneAddingNativeTags. DelegateIsBound: 0
[2018.08.31-15.19.41:919][  0]LogStats: UGameplayTagsManager::ConstructGameplayTagTree: ImportINI prefixes -  0.000 s
[2018.08.31-15.19.41:919][  0]LogStats: UGameplayTagsManager::ConstructGameplayTagTree: Construct from data asset -  0.000 s
[2018.08.31-15.19.41:919][  0]LogStats: UGameplayTagsManager::ConstructGameplayTagTree: ImportINI -  0.000 s
[2018.08.31-15.19.41:919][  0]LogStats: UGameplayTagsManager::ConstructGameplayTagTree: GameplayTagTreeChangedEvent.Broadcast -  0.000 s
[2018.08.31-15.19.42:015][  0]LogFileCache: Scanning file cache for directory 'E:/Unreal_Projects/Tutorials/Content/' took 0.01s
[2018.08.31-15.19.42:015][  0]SourceControl: Source control is disabled
[2018.08.31-15.19.42:015][  0]Cmd: MAP LOAD FILE="../../../../../../../Unreal_Projects/Tutorials/Content/StarterContent/Maps/Minimal_Default.umap" TEMPLATE=0 SHOWPROGRESS=1 FEATURELEVEL=3
[2018.08.31-15.19.42:016][  0]LightingResults: New page: Lighting Build
[2018.08.31-15.19.42:018][  0]MapCheck: New page: Map Check
[2018.08.31-15.19.42:018][  0]LightingResults: New page: Lighting Build
[2018.08.31-15.19.42:608][  0]LogAIModule: Creating AISystem for world Minimal_Default
[2018.08.31-15.19.42:615][  0]LogEditorServer: Finished looking for orphan Actors (0.000 secs)
[2018.08.31-15.19.42:652][  0]Cmd: MAP CHECKDEP NOCLEARLOG
[2018.08.31-15.19.42:705][  0]MapCheck: Map check complete: 0 Error(s), 0 Warning(s), took 52.798ms to complete.
[2018.08.31-15.19.42:705][  0]LogFileHelpers: Loading map 'Minimal_Default' took 0.689
[2018.08.31-15.19.42:814][  0]LogSlate: Updating window title bar state: overlay mode, drag disabled, window buttons hidden, title bar hidden
[2018.08.31-15.19.42:821][  0]LogSlate: Updating window title bar state: overlay mode, drag disabled, window buttons hidden, title bar hidden
[2018.08.31-15.19.42:829][  0]LogSlate: Updating window title bar state: overlay mode, drag disabled, window buttons hidden, title bar hidden
[2018.08.31-15.19.42:836][  0]LogSlate: Updating window title bar state: overlay mode, drag disabled, window buttons hidden, title bar hidden
[2018.08.31-15.19.42:841][  0]LogCollectionManager: Loaded 0 collections in 0.001194 seconds
[2018.08.31-15.19.42:887][  0]LogFileCache: Scanning file cache for directory 'E:/Unreal_Projects/Tutorials/Saved/Collections/' took 0.01s
[2018.08.31-15.19.42:887][  0]LogFileCache: Scanning file cache for directory 'E:/Unreal_Projects/Tutorials/Content/Developers/Neil/Collections/' took 0.01s
[2018.08.31-15.19.42:887][  0]LogFileCache: Scanning file cache for directory 'E:/Unreal_Projects/Tutorials/Content/Collections/' took 0.01s
[2018.08.31-15.19.42:887][  0]LogCollectionManager: Rebuilt the GUID cache for 0 collections in 0.000000 seconds
[2018.08.31-15.19.42:897][  0]LogContentBrowser: Native class hierarchy populated in 0.0092 seconds. Added 2573 classes and 605 folders.
[2018.08.31-15.19.43:977][  0]LogContentBrowser: Native class hierarchy updated for 'WidgetCarousel' in 0.0003 seconds. Added 0 classes and 0 folders.
[2018.08.31-15.19.44:018][  0]LogContentBrowser: Native class hierarchy updated for 'AddContentDialog' in 0.0003 seconds. Added 0 classes and 0 folders.
[2018.08.31-15.19.44:023][  0]LogContentBrowser: Native class hierarchy updated for 'SceneOutliner' in 0.0003 seconds. Added 1 classes and 2 folders.
[2018.08.31-15.19.44:095][  0]LogSlate: Took 0.000255 seconds to synchronously load lazily loaded font '../../../Engine/Content/Slate/Fonts/Roboto-Regular.ttf' (155K)
[2018.08.31-15.19.44:098][  0]LogSlate: Took 0.000213 seconds to synchronously load lazily loaded font '../../../Engine/Content/Slate/Fonts/Roboto-Bold.ttf' (160K)
[2018.08.31-15.19.44:103][  0]LogSlate: Took 0.000239 seconds to synchronously load lazily loaded font '../../../Engine/Content/Editor/Slate/Fonts/FontAwesome.ttf' (139K)
[2018.08.31-15.19.44:183][  0]LogRenderer: Reallocating scene render targets to support 1208x564 Format 10 NumSamples 1 (Frame:1).
[2018.08.31-15.19.44:467][  0]LogContentBrowser: Native class hierarchy updated for 'HierarchicalLODOutliner' in 0.0005 seconds. Added 0 classes and 0 folders.
[2018.08.31-15.19.44:468][  0]LogLoad: (Engine Initialization) Total time: 9.67 seconds
[2018.08.31-15.19.44:468][  0]LogLoad: (Engine Initialization) Total Blueprint compile time: 0.00 seconds
[2018.08.31-15.19.44:479][  0]LogWindowsTextInputMethodSystem: Display: IME system now deactivated.
[2018.08.31-15.19.44:502][  0]LogContentStreaming: Texture pool size now 1000 MB
[2018.08.31-15.19.44:514][  0]LogSlate: Took 0.000284 seconds to synchronously load lazily loaded font '../../../Engine/Content/Slate/Fonts/Roboto-Light.ttf' (167K)
[2018.08.31-15.19.44:527][  1]LogAssetRegistry: Asset discovery search completed in 5.6222 seconds
[2018.08.31-15.19.44:529][  1]LogCollectionManager: Rebuilt the object cache for 0 collections in 0.000001 seconds (found 0 objects)
[2018.08.31-15.19.44:529][  1]LogCollectionManager: Fixed up redirectors for 0 collections in 0.000037 seconds (updated 0 objects)
[2018.08.31-15.19.50:738][527]LogSlate: FSceneViewport::OnFocusLost() reason 0
[2018.08.31-15.20.38:596][919]LogSlate: Took 0.000187 seconds to synchronously load lazily loaded font '../../../Engine/Content/Slate/Fonts/Roboto-Light.ttf' (167K)
[2018.08.31-15.20.38:710][919]LogSlate: Took 0.026265 seconds to synchronously load lazily loaded font '../../../Engine/Content/Slate/Fonts/Roboto-BoldCondensed.ttf' (158K)
[2018.08.31-15.21.43:804][236]Running E:/ProgramFiles/UE4/Epic Games/UE_4.20/Engine/Binaries/DotNET/UnrealBuildTool.exe  -projectfiles -project="E:/Unreal_Projects/Tutorials/Tutorials.uproject" -game -rocket -progress
[2018.08.31-15.21.44:117][236]Discovering modules, targets and source code for project...
[2018.08.31-15.21.45:630][236]E:\ProgramFiles\UE4\Epic Games\UE_4.20\Engine\Source\ThirdParty\Expat\Expat.Build.cs: warning: Referenced directory 'E:\ProgramFiles\UE4\Epic Games\UE_4.20\Engine\Source\ThirdParty\Expat\expat-2.2.0\Win64\VS2015\Release' does not exist.
[2018.08.31-15.21.47:684][236]LogVSAccessor: Warning: Couldn't access Visual Studio
[2018.08.31-15.21.47:740][236]Candidate modules for hot reload:
[2018.08.31-15.21.47:740][236]  Tutorials
[2018.08.31-15.21.47:740][236]Launching UnrealBuildTool... [E:/ProgramFiles/UE4/Epic Games/UE_4.20/Engine/Binaries/DotNET/UnrealBuildTool.exe  -ModuleWithSuffix=Tutorials,7833 Win64 Development -TargetType=Editor -Project="../../../../../../../Unreal_Projects/Tutorials/Tutorials.uproject" -canskiplink "E:/Unreal_Projects/Tutorials/Tutorials.uproject" ]
[2018.08.31-15.22.06:408][236]CompilerResultsLog: New page: Compilation - Aug 31, 2018, 1:22:06 AM
[2018.08.31-15.22.06:420][236]CompilerResultsLog: Performing full C++ include scan (hot reloading a new target)
[2018.08.31-15.22.06:420][236]CompilerResultsLog: Using 'git status' to determine working set for adaptive non-unity build.
[2018.08.31-15.22.06:420][236]CompilerResultsLog: Creating makefile for hot reloading TutorialsEditor (no existing makefile)
[2018.08.31-15.22.06:420][236]CompilerResultsLog: Compiling game modules for hot reload
[2018.08.31-15.22.06:420][236]CompilerResultsLog: Using Visual Studio 2017 14.15.26726 toolchain (C:\Program Files (x86)\Microsoft Visual Studio\2017\Community\VC\Tools\MSVC\14.15.26726) and Windows 10.0.17134.0 SDK (C:\Program Files (x86)\Windows Kits\10).
[2018.08.31-15.22.06:420][236]CompilerResultsLog: Parsing headers for TutorialsEditor
[2018.08.31-15.22.06:420][236]CompilerResultsLog:   Running UnrealHeaderTool "E:\Unreal_Projects\Tutorials\Tutorials.uproject" "E:\Unreal_Projects\Tutorials\Intermediate\Build\Win64\TutorialsEditor\Development\TutorialsEditor.uhtmanifest" -LogCmds="loginit warning, logexit warning, logdatabase error" -Unattended -WarningsAsErrors -installed
[2018.08.31-15.22.06:420][236]CompilerResultsLog: Reflection code generated for TutorialsEditor in 8.348837 seconds
[2018.08.31-15.22.06:421][236]CompilerResultsLog: Building 8 actions with 8 processes...
[2018.08.31-15.22.06:421][236]CompilerResultsLog:   [1/8] Tutorials.init.gen.cpp
[2018.08.31-15.22.06:421][236]CompilerResultsLog:   [2/8] Tutorials.cpp
[2018.08.31-15.22.06:421][236]CompilerResultsLog:   [3/8] CameraDirector.cpp
[2018.08.31-15.22.06:421][236]CompilerResultsLog:   [4/8] TutorialsGameModeBase.cpp
[2018.08.31-15.22.06:421][236]CompilerResultsLog:   [5/8] CameraDirector.gen.cpp
[2018.08.31-15.22.06:421][236]CompilerResultsLog:   [6/8] TutorialsGameModeBase.gen.cpp
[2018.08.31-15.22.06:421][236]CompilerResultsLog:   [7/8] UE4Editor-Tutorials-7833.lib
[2018.08.31-15.22.06:421][236]CompilerResultsLog:      Creating library E:\Unreal_Projects\Tutorials\Intermediate\Build\Win64\UE4Editor\Development\Tutorials\UE4Editor-Tutorials-7833.lib and object E:\Unreal_Projects\Tutorials\Intermediate\Build\Win64\UE4Editor\Development\Tutorials\UE4Editor-Tutorials-7833.exp
[2018.08.31-15.22.06:421][236]CompilerResultsLog:   [8/8] UE4Editor-Tutorials-7833.dll
[2018.08.31-15.22.06:421][236]CompilerResultsLog:      Creating library E:\Unreal_Projects\Tutorials\Intermediate\Build\Win64\UE4Editor\Development\Tutorials\UE4Editor-Tutorials-7833.suppressed.lib and object E:\Unreal_Projects\Tutorials\Intermediate\Build\Win64\UE4Editor\Development\Tutorials\UE4Editor-Tutorials-7833.suppressed.exp
[2018.08.31-15.22.06:421][236]CompilerResultsLog: Total build time: 18.39 seconds (Parallel executor: 1.58 seconds)
[2018.08.31-15.22.06:432][236]LogMainFrame: MainFrame: Module compiling took 18.748 seconds
[2018.08.31-15.22.06:477][236]LogClass: Could not find existing class CameraDirector in package /Script/Tutorials for HotReload, assuming new class
[2018.08.31-15.22.06:483][236]LogContentBrowser: Native class hierarchy updated for 'Tutorials' in 0.0003 seconds. Added 2 classes and 2 folders.
[2018.08.31-15.22.06:486][236]Display: HotReload successful (0 functions remapped  0 scriptstructs remapped)
[2018.08.31-15.22.06:890][236]LogContentBrowser: Native class hierarchy populated in 0.0103 seconds. Added 2575 classes and 607 folders.
[2018.08.31-15.22.06:986][236]Display: HotReload took 19.3s.
[2018.08.31-15.22.06:988][236]Warning: HotReload operation took 19.3s.
[2018.08.31-15.22.07:071][236]LogSlate: Window 'Add C++ Class' being destroyed
[2018.08.31-15.22.07:081][236]LogHotReload: New module detected: UE4Editor-Tutorials-7833.dll
[2018.08.31-15.22.07:192][237]LogHotReload: Starting Hot-Reload from IDE
[2018.08.31-15.22.07:248][237]LogContentBrowser: Native class hierarchy updated for 'Tutorials' in 0.0005 seconds. Added 2 classes and 2 folders.
[2018.08.31-15.22.07:252][237]Display: HotReload successful (0 functions remapped  0 scriptstructs remapped)
[2018.08.31-15.22.07:289][237]LogContentBrowser: Native class hierarchy populated in 0.0101 seconds. Added 2575 classes and 607 folders.
[2018.08.31-15.22.07:297][237]Display: HotReload took  0.1s.
[2018.08.31-15.28.57:290][883]LogD3D11RHI: Error: agsDriverExtensionsDX11_SetDepthBounds(1,0.000000, 1.000000) returned error code 6. **********PLEASE UPDATE YOUR VIDEO DRIVERS*********
[2018.08.31-16.14.21:360][610]LogEditorViewport: Clicking on Actor (LMB): StaticMeshActor (Chair)
[2018.08.31-16.14.24:120][824]LogEditorViewport: Clicking on Actor (LMB): CameraActor (CameraActor)
[2018.08.31-16.14.29:263][210]Cmd: TRANSACTION UNDO
[2018.08.31-16.14.29:264][210]LogEditorTransaction: Undo Rotate Actors
[2018.08.31-16.14.30:244][273]LogEditorViewport: Clicking on Actor (LMB): BP_Sky_Sphere_C (BP_Sky_Sphere)
[2018.08.31-16.14.30:945][316]LogSlate: Took 0.037635 seconds to synchronously load lazily loaded font '../../../Engine/Content/Slate/Fonts/Roboto-Italic.ttf' (157K)
[2018.08.31-16.14.35:747][480]LogEditorViewport: Clicking on Actor (LMB): CameraActor (CameraActor)
[2018.08.31-16.14.46:060][263]LogSlate: FSceneViewport::OnFocusLost() reason 0
[2018.08.31-16.14.49:584][541]LogSlate: FSceneViewport::OnFocusLost() reason 0
[2018.08.31-16.14.49:656][549]Cmd: MODE ROTGRID=0
[2018.08.31-16.14.54:981][949]LogEditorViewport: Clicking on Actor (LMB): BP_Sky_Sphere_C (BP_Sky_Sphere)
[2018.08.31-16.14.58:849][315]LogEditorViewport: Clicking on Actor (LMB): CameraActor (CameraActor)
[2018.08.31-16.15.18:912][832]LogSlate: FSceneViewport::OnFocusLost() reason 0
[2018.08.31-16.15.22:492][916]LogSavePackage: Moving '../../../../../../../Unreal_Projects/Tutorials/Saved/Minimal_Default_Auto176F9A0E24EEB8F71CB3384B7291B1B83.tmp' to '../../../../../../../Unreal_Projects/Tutorials/Saved/Autosaves/Game/StarterContent/Maps/Minimal_Default_Auto1.umap'
[2018.08.31-16.15.22:544][916]LogFileHelpers: Editor autosave (incl. sublevels) for '/Game/StarterContent/Maps/Minimal_Default' took 0.481
[2018.08.31-16.15.22:544][916]LogFileHelpers: Editor autosave (incl. sublevels) for all levels took 0.481
[2018.08.31-16.40.15:352][386]LogActorFactory: Actor Factory created Cube
[2018.08.31-16.40.16:207][464]LogActorFactory: Actor Factory created Cube
[2018.08.31-16.40.37:173][292]LogSlate: FSceneViewport::OnFocusLost() reason 2
[2018.08.31-16.41.02:666][307]LogSlate: FSceneViewport::OnFocusLost() reason 2
[2018.08.31-16.41.12:880][228]LogSlate: FSceneViewport::OnFocusLost() reason 0
[2018.08.31-16.41.17:820][673]Cmd: TRANSACTION UNDO
[2018.08.31-16.41.17:820][673]LogEditorTransaction: Undo Clicking on Component (tree view)
[2018.08.31-16.41.18:573][727]Cmd: TRANSACTION UNDO
[2018.08.31-16.41.18:573][727]LogEditorTransaction: Undo Clicking on Component (tree view)
[2018.08.31-16.41.19:009][758]Cmd: TRANSACTION UNDO
[2018.08.31-16.41.19:009][758]LogEditorTransaction: Undo Clicking on Component (tree view)
[2018.08.31-16.41.19:448][790]Cmd: TRANSACTION UNDO
[2018.08.31-16.41.19:448][790]LogEditorTransaction: Undo Add Component
[2018.08.31-16.41.19:738][807]Cmd: TRANSACTION UNDO
[2018.08.31-16.41.19:738][807]LogEditorTransaction: Undo Create Actors
[2018.08.31-16.41.23:151][ 37]LogEditorViewport: Clicking on Actor (LMB): StaticMeshActor (Floor)
[2018.08.31-16.41.24:572][162]LogSlate: FSceneViewport::OnFocusLost() reason 0
[2018.08.31-16.41.24:890][194]LogActorFactory: Actor Factory created Cube
[2018.08.31-16.41.25:700][277]LogActorFactory: Actor Factory created Cube
[2018.08.31-16.41.26:991][387]LogSlate: FSceneViewport::OnFocusLost() reason 2
[2018.08.31-16.42.34:906][342]LogSavePackage: Moving '../../../../../../../Unreal_Projects/Tutorials/Saved/Minimal_Default_Auto255CDBDA344CB84BD32858A9CF2C09C35.tmp' to '../../../../../../../Unreal_Projects/Tutorials/Saved/Autosaves/Game/StarterContent/Maps/Minimal_Default_Auto2.umap'
[2018.08.31-16.42.34:908][342]LogFileHelpers: Editor autosave (incl. sublevels) for '/Game/StarterContent/Maps/Minimal_Default' took 0.119
[2018.08.31-16.42.34:908][342]LogFileHelpers: Editor autosave (incl. sublevels) for all levels took 0.119
[2018.08.31-16.52.58:211][ 32]LogSlate: FSceneViewport::OnFocusLost() reason 2
[2018.08.31-16.53.09:591][384]LogSlate: FSceneViewport::OnFocusLost() reason 2
[2018.08.31-16.53.27:370][402]LogEditorViewport: Clicking on Component (LMB): StaticMeshComponent (StaticMeshComponent0)
[2018.08.31-16.53.53:278][607]LogSlate: FSceneViewport::OnFocusLost() reason 0
[2018.08.31-16.54.03:031][617]LogEditorViewport: Clicking on Actor (LMB): BP_Sky_Sphere_C (BP_Sky_Sphere)
[2018.08.31-16.54.03:716][673]LogEditorViewport: Clicking on Actor (LMB): StaticMeshActor (Cube)
[2018.08.31-16.54.39:862][498]LogSavePackage: Moving '../../../../../../../Unreal_Projects/Tutorials/Saved/Minimal_Default_Auto3DA4F36F24E475C5A81C6CFAEC7AFC65F.tmp' to '../../../../../../../Unreal_Projects/Tutorials/Saved/Autosaves/Game/StarterContent/Maps/Minimal_Default_Auto3.umap'
[2018.08.31-16.54.39:865][498]LogFileHelpers: Editor autosave (incl. sublevels) for '/Game/StarterContent/Maps/Minimal_Default' took 0.133
[2018.08.31-16.54.39:865][498]LogFileHelpers: Editor autosave (incl. sublevels) for all levels took 0.133
[2018.08.31-18.59.21:561][199]LogHttp: Warning: 000001F6DA77BB00: request failed, libcurl error: 6 (Couldn't resolve host name)
[2018.08.31-18.59.21:561][199]LogHttp: Warning: 000001F6DA77BB00: libcurl info message cache 0 (Connection 45 seems to be dead!)
[2018.08.31-18.59.21:561][199]LogHttp: Warning: 000001F6DA77BB00: libcurl info message cache 1 (Closing connection 45)
[2018.08.31-18.59.21:561][199]LogHttp: Warning: 000001F6DA77BB00: libcurl info message cache 2 (Could not resolve host: datarouter.ol.epicgames.com)
[2018.08.31-18.59.21:561][199]LogHttp: Warning: 000001F6DA77BB00: libcurl info message cache 3 (Closing connection 46)
[2018.08.31-22.31.19:185][544]LogSlate: FSceneViewport::OnFocusLost() reason 2
[2018.08.31-22.31.19:402][544]LogSavePackage: Moving '../../../../../../../Unreal_Projects/Tutorials/Saved/Minimal_Default5451EB16417101841DAA74B2371C0F04.tmp' to '../../../../../../../Unreal_Projects/Tutorials/Content/StarterContent/Maps/Minimal_Default.umap'
[2018.08.31-22.31.19:402][544]LogFileManager: Warning: DeleteFile was unable to delete '../../../../../../../Unreal_Projects/Tutorials/Content/StarterContent/Maps/Minimal_Default.umap', retrying in .5s...
[2018.08.31-22.31.19:903][544]LogFileManager: Error: Error deleting file '../../../../../../../Unreal_Projects/Tutorials/Content/StarterContent/Maps/Minimal_Default.umap'.
[2018.08.31-22.31.19:903][544]LogSavePackage: Error: Error saving '../../../../../../../Unreal_Projects/Tutorials/Content/StarterContent/Maps/Minimal_Default.umap'
[2018.08.31-22.31.19:959][544]EditorErrors: New page: Save Output
[2018.08.31-22.31.19:959][544]EditorErrors: Warning: Error saving '../../../../../../../Unreal_Projects/Tutorials/Content/StarterContent/Maps/Minimal_Default.umap'
[2018.08.31-22.31.22:555][704]LogSlate: Window 'Message Log' being destroyed
[2018.08.31-22.31.22:559][704]LogSlate: Window 'Message Log' being destroyed
[2018.08.31-22.31.23:685][790]LogEditorViewport: Clicking on Actor (LMB): StaticMeshActor (Cube)
[2018.08.31-22.31.24:216][828]LogEditorViewport: Clicking on Actor (LMB): BP_Sky_Sphere_C (BP_Sky_Sphere)
[2018.08.31-22.31.25:721][954]LogEditorViewport: Clicking on Actor (LMB): BP_Sky_Sphere_C (BP_Sky_Sphere)
[2018.08.31-22.31.26:521][ 22]LogSlate: FSceneViewport::OnFocusLost() reason 2
[2018.08.31-22.31.26:636][ 22]LogSavePackage: Moving '../../../../../../../Unreal_Projects/Tutorials/Saved/Minimal_Default19A00D154D447B22EA58C9AE9F53A8DC.tmp' to '../../../../../../../Unreal_Projects/Tutorials/Content/StarterContent/Maps/Minimal_Default.umap'
[2018.08.31-22.31.26:636][ 22]LogFileManager: Warning: DeleteFile was unable to delete '../../../../../../../Unreal_Projects/Tutorials/Content/StarterContent/Maps/Minimal_Default.umap', retrying in .5s...
[2018.08.31-22.31.27:137][ 22]LogFileManager: Error: Error deleting file '../../../../../../../Unreal_Projects/Tutorials/Content/StarterContent/Maps/Minimal_Default.umap'.
[2018.08.31-22.31.27:137][ 22]LogSavePackage: Error: Error saving '../../../../../../../Unreal_Projects/Tutorials/Content/StarterContent/Maps/Minimal_Default.umap'
[2018.08.31-22.31.27:142][ 22]EditorErrors: New page: Save Output
[2018.08.31-22.31.27:142][ 22]EditorErrors: Warning: Error saving '../../../../../../../Unreal_Projects/Tutorials/Content/StarterContent/Maps/Minimal_Default.umap'
[2018.08.31-22.31.30:573][286]LogSlate: Window 'Message Log' being destroyed
[2018.08.31-22.31.30:577][286]LogSlate: Window 'Message Log' being destroyed
[2018.08.31-22.31.31:375][344]LogSlate: FSceneViewport::OnFocusLost() reason 2
[2018.08.31-22.31.34:101][665]LogSlate: FSceneViewport::OnFocusLost() reason 2
[2018.08.31-22.31.45:498][665]LogSlate: Window 'Save Level As' being destroyed
[2018.08.31-22.31.47:511][665]LogSlate: FSceneViewport::OnFocusLost() reason 2
[2018.08.31-22.31.47:909][665]LogAIModule: Creating AISystem for world camera_scene
[2018.08.31-22.31.47:919][665]Cmd: OBJ SAVEPACKAGE PACKAGE="/Game/tutorials/camera_scene" FILE="../../../../../../../Unreal_Projects/Tutorials/Content/tutorials/camera_scene.umap" SILENT=true AUTOSAVING=false KEEPDIRTY=false
[2018.08.31-22.31.48:040][665]LogSavePackage: Moving '../../../../../../../Unreal_Projects/Tutorials/Saved/camera_sceneE219893E4395D3D2B2275F99CCD32633.tmp' to '../../../../../../../Unreal_Projects/Tutorials/Content/tutorials/camera_scene.umap'
[2018.08.31-22.31.48:071][665]Cmd: OBJ SAVEPACKAGE PACKAGE="/Game/tutorials/camera_scene_BuiltData" FILE="../../../../../../../Unreal_Projects/Tutorials/Content/tutorials/camera_scene_BuiltData.uasset" SILENT=true
[2018.08.31-22.31.48:152][665]LogSavePackage: Moving '../../../../../../../Unreal_Projects/Tutorials/Saved/camera_scene_BuiltData0741F53C42AF0D9DA352888F19B9C4F4.tmp' to '../../../../../../../Unreal_Projects/Tutorials/Content/tutorials/camera_scene_BuiltData.uasset'
[2018.08.31-22.31.48:165][665]LogFileHelpers: Saving map 'camera_scene' took 2.639
[2018.08.31-22.31.48:169][665]Cmd: MAP LOAD FILE="../../../../../../../Unreal_Projects/Tutorials/Content/tutorials/camera_scene.umap" TEMPLATE=0 SHOWPROGRESS=1 FEATURELEVEL=3
[2018.08.31-22.31.48:181][665]LogSlate: FSceneViewport::OnFocusLost() reason 2
[2018.08.31-22.31.48:186][665]LightingResults: New page: Lighting Build
[2018.08.31-22.31.48:187][665]LoadErrors: New page: Loading map: camera_scene.umap
[2018.08.31-22.31.48:199][665]MapCheck: New page: Map Check
[2018.08.31-22.31.48:199][665]LightingResults: New page: Lighting Build
[2018.08.31-22.31.48:543][665]LogEditorServer: Finished looking for orphan Actors (0.000 secs)
[2018.08.31-22.31.48:627][665]Cmd: MAP CHECKDEP NOCLEARLOG
[2018.08.31-22.31.48:676][665]MapCheck: Map check complete: 0 Error(s), 0 Warning(s), took 48.504ms to complete.
[2018.08.31-22.31.48:676][665]LogFileHelpers: Loading map 'camera_scene' took 0.511
[2018.08.31-22.31.50:732][875]LogSlate: FSceneViewport::OnFocusLost() reason 0
[2018.08.31-22.33.22:287][801]LogSlate: FSceneViewport::OnFocusLost() reason 0
[2018.08.31-22.33.22:455][810]LogSlate: Window 'Tutorials - Unreal Editor' being destroyed
[2018.08.31-22.33.22:678][811]Cmd: QUIT_EDITOR
[2018.08.31-22.33.22:716][811]LogWindowsTextInputMethodSystem: Display: IME system now deactivated.
[2018.08.31-22.33.22:759][811]LogExit: Preparing to exit.
