Log file open, 09/03/18 10:06:38
LogWindows: Failed to load 'aqProf.dll' (GetLastError=126)
LogWindows: File 'aqProf.dll' does not exist
LogWindows: Failed to load 'VtuneApi.dll' (GetLastError=126)
LogWindows: File 'VtuneApi.dll' does not exist
LogWindows: Failed to load 'VtuneApi32e.dll' (GetLastError=126)
LogWindows: File 'VtuneApi32e.dll' does not exist
LogInit: Display: Running engine for game: Tutorials
LogPlatformFile: Not using cached read wrapper
LogTaskGraph: Started task graph with 5 named threads and 23 total threads with 3 sets of task threads.
LogStats: Stats thread started at 0.272082
LogD3D11RHI: Loaded GFSDK_Aftermath_Lib.x64.dll
LogICUInternationalization: Display: ICU TimeZone Detection - Raw Offset: -8:00, Platform Override: ''
LogPluginManager: Mounting plugin Paper2D
LogPluginManager: Mounting plugin AISupport
LogPluginManager: Mounting plugin LightPropagationVolume
LogPluginManager: Mounting plugin CLionSourceCodeAccess
LogPluginManager: Mounting plugin CodeLiteSourceCodeAccess
LogPluginManager: Mounting plugin GitSourceControl
LogPluginManager: Mounting plugin KDevelopSourceCodeAccess
LogPluginManager: Mounting plugin NullSourceCodeAccess
LogPluginManager: Mounting plugin PerforceSourceControl
LogPluginManager: Mounting plugin SubversionSourceControl
LogPluginManager: Mounting plugin UObjectPlugin
LogPluginManager: Mounting plugin VisualStudioCodeSourceCodeAccess
LogPluginManager: Mounting plugin VisualStudioSourceCodeAccess
LogPluginManager: Mounting plugin XCodeSourceCodeAccess
LogPluginManager: Mounting plugin AssetManagerEditor
LogPluginManager: Mounting plugin CryptoKeys
LogPluginManager: Mounting plugin DataValidation
LogPluginManager: Mounting plugin FacialAnimation
LogPluginManager: Mounting plugin GameplayTagsEditor
LogPluginManager: Mounting plugin MacGraphicsSwitching
LogPluginManager: Mounting plugin MeshEditor
LogPluginManager: Mounting plugin MobileLauncherProfileWizard
LogPluginManager: Mounting plugin PluginBrowser
LogPluginManager: Mounting plugin SpeedTreeImporter
LogPluginManager: Mounting plugin DatasmithContent
LogPluginManager: Mounting plugin AlembicImporter
LogPluginManager: Mounting plugin AppleImageUtils
LogPluginManager: Mounting plugin AppleVision
LogPluginManager: Mounting plugin BackChannel
LogPluginManager: Mounting plugin CharacterAI
LogPluginManager: Mounting plugin GeometryCache
LogPluginManager: Mounting plugin HTML5Networking
LogPluginManager: Mounting plugin ProxyLODPlugin
LogPluginManager: Mounting plugin MagicLeap
LogPluginManager: Mounting plugin MagicLeapEmulator
LogPluginManager: Mounting plugin MagicLeapMedia
LogPluginManager: Mounting plugin AndroidMedia
LogPluginManager: Mounting plugin AvfMedia
LogPluginManager: Mounting plugin ImgMedia
LogPluginManager: Mounting plugin LinearTimecode
LogPluginManager: Mounting plugin MediaCompositing
LogPluginManager: Mounting plugin MediaPlayerEditor
LogPluginManager: Mounting plugin WmfMedia
LogPluginManager: Mounting plugin TcpMessaging
LogPluginManager: Mounting plugin UdpMessaging
LogPluginManager: Mounting plugin ActorSequence
LogPluginManager: Mounting plugin LevelSequenceEditor
LogPluginManager: Mounting plugin MatineeToLevelSequence
LogPluginManager: Mounting plugin NetcodeUnitTest
LogPluginManager: Mounting plugin NUTUnrealEngine4
LogPluginManager: Mounting plugin OnlineSubsystemGooglePlay
LogPluginManager: Mounting plugin OnlineSubsystemIOS
LogPluginManager: Mounting plugin OnlineSubsystem
LogPluginManager: Mounting plugin OnlineSubsystemNull
LogPluginManager: Mounting plugin OnlineSubsystemUtils
LogPluginManager: Mounting plugin LauncherChunkInstaller
LogPluginManager: Mounting plugin AndroidDeviceProfileSelector
LogPluginManager: Mounting plugin AndroidMoviePlayer
LogPluginManager: Mounting plugin AndroidPermission
LogPluginManager: Mounting plugin AppleMoviePlayer
LogPluginManager: Mounting plugin ArchVisCharacter
LogPluginManager: Mounting plugin AudioCapture
LogPluginManager: Mounting plugin CableComponent
LogPluginManager: Mounting plugin CustomMeshComponent
LogPluginManager: Mounting plugin EditableMesh
LogPluginManager: Mounting plugin ExampleDeviceProfileSelector
LogPluginManager: Mounting plugin GoogleCloudMessaging
LogPluginManager: Mounting plugin ImmediatePhysics
LogPluginManager: Mounting plugin IOSDeviceProfileSelector
LogPluginManager: Mounting plugin LinuxDeviceProfileSelector
LogPluginManager: Mounting plugin LocationServicesBPLibrary
LogPluginManager: Mounting plugin MobilePatchingUtils
LogPluginManager: Mounting plugin OculusVR
LogPluginManager: Plugin shader directory ../../../Engine/Plugins/Runtime/Oculus/OculusVR/Shaders found
LogPluginManager: Mapping shader source directory ../../../Engine/Plugins/Runtime/Oculus/OculusVR/Shaders to virtual directory /Plugin/OculusVR
LogPluginManager: Mounting plugin PhysXVehicles
LogPluginManager: Mounting plugin ProceduralMeshComponent
LogPluginManager: Mounting plugin RuntimePhysXCooking
LogPluginManager: Mounting plugin SteamVR
LogPluginManager: Mounting plugin WindowsMoviePlayer
LogStreaming: Display: Took  0.450s to configure plugins.
LogInit: Using libcurl 7.55.1-DEV
LogInit:  - built for x86_64-pc-win32
LogInit:  - supports SSL with OpenSSL/1.0.2h
LogInit:  - supports HTTP deflate (compression) using libz 1.2.8
LogInit:  - other features:
LogInit:      CURL_VERSION_SSL
LogInit:      CURL_VERSION_LIBZ
LogInit:      CURL_VERSION_IPV6
LogInit:      CURL_VERSION_ASYNCHDNS
LogInit:      CURL_VERSION_LARGEFILE
LogInit:      CURL_VERSION_IDN
LogInit:  CurlRequestOptions (configurable via config and command line):
LogInit:  - bVerifyPeer = false  - Libcurl will NOT verify peer certificate
LogInit:  - bUseHttpProxy = false  - Libcurl will NOT use HTTP proxy
LogInit:  - bDontReuseConnections = false  - Libcurl will reuse connections
LogInit:  - CertBundlePath = nullptr  - Libcurl will use whatever was configured at build time.
LogInit:  - MaxHostConnections = 16  - Libcurl will limit the number of connections to a host
LogInit:  - LocalHostAddr = Default
LogInit:  - BufferSize = 65536
LogInit: WinSock: version 1.1 (2.2), MaxSocks=32767, MaxUdp=65467
LogInit: Build: ++UE4+Release-4.20-CL-4302132
LogInit: Engine Version: 4.20.2-4302132+++UE4+Release-4.20
LogInit: Compatible Engine Version: 4.20.0-4212847+++UE4+Release-4.20
LogInit: Net CL: 4212847
LogInit: OS: Windows 10 (), CPU: Intel(R) Core(TM) i7-4770 CPU @ 3.40GHz, GPU: AMD Radeon HD 6900 Series
LogInit: Compiled (64-bit): Aug 21 2018 02:06:06
LogInit: Compiled with Visual C++: 19.13.26129.00
LogInit: Build Configuration: Development
LogInit: Branch Name: ++UE4+Release-4.20
LogInit: Command Line: -EpicPortal 
LogInit: Base Directory: E:/ProgramFiles/UE4/Epic Games/UE_4.20/Engine/Binaries/Win64/
LogInit: Installed Engine Build: 1
LogDevObjectVersion: Number of dev versions registered: 20
LogDevObjectVersion:   Dev-Blueprints (B0D832E4-1F89-4F0D-ACCF-7EB736FD4AA2): 10
LogDevObjectVersion:   Dev-Build (E1C64328-A22C-4D53-A36C-8E866417BD8C): 0
LogDevObjectVersion:   Dev-Core (375EC13C-06E4-48FB-B500-84F0262A717E): 2
LogDevObjectVersion:   Dev-Editor (E4B068ED-F494-42E9-A231-DA0B2E46BB41): 24
LogDevObjectVersion:   Dev-Framework (CFFC743F-43B0-4480-9391-14DF171D2073): 34
LogDevObjectVersion:   Dev-Mobile (B02B49B5-BB20-44E9-A304-32B752E40360): 2
LogDevObjectVersion:   Dev-Networking (A4E4105C-59A1-49B5-A7C5-40C4547EDFEE): 0
LogDevObjectVersion:   Dev-Online (39C831C9-5AE6-47DC-9A44-9C173E1C8E7C): 0
LogDevObjectVersion:   Dev-Physics (78F01B33-EBEA-4F98-B9B4-84EACCB95AA2): 0
LogDevObjectVersion:   Dev-Platform (6631380F-2D4D-43E0-8009-CF276956A95A): 0
LogDevObjectVersion:   Dev-Rendering (12F88B9F-8875-4AFC-A67C-D90C383ABD29): 26
LogDevObjectVersion:   Dev-Sequencer (7B5AE74C-D270-4C10-A958-57980B212A5A): 9
LogDevObjectVersion:   Dev-VR (D7296918-1DD6-4BDD-9DE2-64A83CC13884): 2
LogDevObjectVersion:   Dev-LoadTimes (C2A15278-BFE7-4AFE-6C17-90FF531DF755): 1
LogDevObjectVersion:   Private-Geometry (6EACA3D4-40EC-4CC1-B786-8BED09428FC5): 3
LogDevObjectVersion:   Dev-AnimPhys (29E575DD-E0A3-4627-9D10-D276232CDCEA): 17
LogDevObjectVersion:   Dev-ReflectionCapture (6B266CEC-1EC7-4B8F-A30B-E4D90942FC07): 1
LogDevObjectVersion:   Dev-Automation (0DF73D61-A23F-47EA-B727-89E90C41499A): 1
LogDevObjectVersion:   FortniteMain (601D1886-AC64-4F84-AA16-D3DE0DEAC7D6): 12
LogDevObjectVersion:   Dev-Enterprise (9DFFBCD6-494F-0158-E221-12823C92A888): 1
LogStreaming: Display: Took  0.000s to delete old logs.
LogInit: Presizing for max 8388607 objects, including 0 objects not considered by GC, pre-allocating 0 bytes for permanent pool.
LogInit: Object subsystem initialized
[2018.09.03-17.06.39:226][  0]LogInit: Selected Device Profile: [Windows]
[2018.09.03-17.06.39:226][  0]LogInit: Applying CVar settings loaded from the selected device profile: [Windows]
[2018.09.03-17.06.39:271][  0]LogHAL: Display: Platform has ~ 16 GB [17119518720 / 17179869184 / 16], which maps to Larger [LargestMinGB=32, LargerMinGB=12, DefaultMinGB=8, SmallerMinGB=6, SmallestMinGB=0)
[2018.09.03-17.06.39:271][  0]LogInit: Setting Device Profile CVar: [[r.Vulkan.UseRealUBs:1]]
[2018.09.03-17.06.39:271][  0]LogInit: Going up to parent DeviceProfile []
[2018.09.03-17.06.39:271][  0]LogInit: Computer: NEIL-PC
[2018.09.03-17.06.39:271][  0]LogInit: User: Neil
[2018.09.03-17.06.39:271][  0]LogInit: CPU Page size=4096, Cores=4
[2018.09.03-17.06.39:271][  0]LogInit: High frequency timer resolution =3.312643 MHz
[2018.09.03-17.06.39:271][  0]LogMemory: Memory total: Physical=15.9GB (16GB approx)
[2018.09.03-17.06.39:271][  0]LogMemory: Platform Memory Stats for Windows
[2018.09.03-17.06.39:271][  0]LogMemory: Process Physical Memory: 100.37 MB used, 100.37 MB peak
[2018.09.03-17.06.39:271][  0]LogMemory: Process Virtual Memory: 90.94 MB used, 90.94 MB peak
[2018.09.03-17.06.39:271][  0]LogMemory: Physical Memory: 6999.32 MB used,  9327.12 MB free, 16326.45 MB total
[2018.09.03-17.06.39:271][  0]LogMemory: Virtual Memory: 4640.73 MB used,  9327.12 MB free, 134217728.00 MB total
[2018.09.03-17.06.39:284][  0]LogInit: Using OS detected language (en-US).
[2018.09.03-17.06.39:284][  0]LogInit: Using OS detected locale (en-US).
[2018.09.03-17.06.39:284][  0]LogTextLocalizationManager: No specific localization for 'en-US' exists, so the 'en' localization will be used.
[2018.09.03-17.06.39:647][  0]LogStreaming: Display: Took  0.363s to InitEngineTextLocalization.
[2018.09.03-17.06.39:648][  0]LogInit: Setting process to per monitor DPI aware
[2018.09.03-17.06.39:684][  0]LogSlate: New Slate User Created.  User Index 0, Is Virtual User: 0
[2018.09.03-17.06.39:685][  0]LogSlate: Slate User Registered.  User Index 0, Is Virtual User: 0
[2018.09.03-17.06.39:846][  0]LogHMD: Failed to initialize OpenVR with code 105
[2018.09.03-17.06.39:846][  0]LogD3D11RHI: D3D11 adapters:
[2018.09.03-17.06.39:859][  0]LogD3D11RHI:    0. 'AMD Radeon HD 6900 Series' (Feature Level 11_0)
[2018.09.03-17.06.39:859][  0]LogD3D11RHI:       1008/0/3840 MB DedicatedVideo/DedicatedSystem/SharedSystem, Outputs:2, VendorId:0x1002
[2018.09.03-17.06.39:861][  0]LogD3D11RHI:    1. 'Microsoft Basic Render Driver' (Feature Level 11_0)
[2018.09.03-17.06.39:861][  0]LogD3D11RHI:       0/0/8163 MB DedicatedVideo/DedicatedSystem/SharedSystem, Outputs:0, VendorId:0x1414
[2018.09.03-17.06.39:861][  0]LogD3D11RHI: Chosen D3D11 Adapter: 0
[2018.09.03-17.06.39:869][  0]LogD3D11RHI: Creating new Direct3DDevice
[2018.09.03-17.06.39:869][  0]LogD3D11RHI:     GPU DeviceId: 0x6719 (for the marketing name, search the web for "GPU Device Id")
[2018.09.03-17.06.39:869][  0]LogWindows: EnumDisplayDevices:
[2018.09.03-17.06.39:869][  0]LogWindows:    0. 'AMD Radeon HD 6900 Series' (P:1 D:1)
[2018.09.03-17.06.39:870][  0]LogWindows:    1. 'AMD Radeon HD 6900 Series' (P:0 D:1)
[2018.09.03-17.06.39:870][  0]LogWindows:    2. 'AMD Radeon HD 6900 Series' (P:0 D:0)
[2018.09.03-17.06.39:870][  0]LogWindows:    3. 'AMD Radeon HD 6900 Series' (P:0 D:0)
[2018.09.03-17.06.39:870][  0]LogWindows:    4. 'AMD Radeon HD 6900 Series' (P:0 D:0)
[2018.09.03-17.06.39:870][  0]LogWindows:    5. 'AMD Radeon HD 6900 Series' (P:0 D:0)
[2018.09.03-17.06.39:871][  0]LogWindows: DebugString: FoundDriverCount:6 
[2018.09.03-17.06.39:871][  0]LogD3D11RHI:     Adapter Name: AMD Radeon HD 6900 Series
[2018.09.03-17.06.39:871][  0]LogD3D11RHI:   Driver Version: Catalyst 15.7.1 (internal:15.200.1062.1004, unified:15.200.1062.1004)
[2018.09.03-17.06.39:871][  0]LogD3D11RHI:      Driver Date: 8-3-2015
[2018.09.03-17.06.39:871][  0]LogRHI: Texture pool is 706 MB (70% of 1008 MB)
[2018.09.03-17.06.39:903][  0]LogD3D11RHI: AMD Pre GCN architecture detected, some driver workarounds will be in place
[2018.09.03-17.06.39:910][  0]LogD3D11RHI: Async texture creation enabled
[2018.09.03-17.06.39:921][  0]LogD3D11RHI: GPU Timing Frequency: 27.000000 (Debug: 2 1)
[2018.09.03-17.06.39:922][  0]LogShaderCompilers: Guid format shader working directory is -2 characters bigger than the processId version (../../../../../../../Unreal_Projects/Tutorials/Intermediate/Shaders/WorkingDirectory/17884/).
[2018.09.03-17.06.39:922][  0]LogShaderCompilers: Cleaned the shader compiler working directory 'C:/Users/Neil/AppData/Local/Temp/UnrealShaderWorkingDir/18871D59417AD0B823A229BBBC9F5775/'.
[2018.09.03-17.06.40:169][  0]LogTemp: Display: Loaded TP AllDesktopTargetPlatform
[2018.09.03-17.06.40:181][  0]LogTemp: Display: Loaded TP MacClientTargetPlatform
[2018.09.03-17.06.40:193][  0]LogTemp: Display: Loaded TP MacNoEditorTargetPlatform
[2018.09.03-17.06.40:205][  0]LogTemp: Display: Loaded TP MacServerTargetPlatform
[2018.09.03-17.06.40:218][  0]LogTemp: Display: Loaded TP MacTargetPlatform
[2018.09.03-17.06.40:230][  0]LogTemp: Display: Loaded TP WindowsClientTargetPlatform
[2018.09.03-17.06.40:244][  0]LogTemp: Display: Loaded TP WindowsNoEditorTargetPlatform
[2018.09.03-17.06.40:258][  0]LogTemp: Display: Loaded TP WindowsServerTargetPlatform
[2018.09.03-17.06.40:263][  0]LogTemp: Display: Loaded TP WindowsTargetPlatform
[2018.09.03-17.06.40:332][  0]LogTemp: Display: Loaded TP AndroidTargetPlatform
[2018.09.03-17.06.40:332][  0]LogTemp: Display: Loaded TP AndroidTargetPlatform
[2018.09.03-17.06.40:332][  0]LogTemp: Display: Loaded TP AndroidTargetPlatform
[2018.09.03-17.06.40:332][  0]LogTemp: Display: Loaded TP AndroidTargetPlatform
[2018.09.03-17.06.40:332][  0]LogTemp: Display: Loaded TP AndroidTargetPlatform
[2018.09.03-17.06.40:332][  0]LogTemp: Display: Loaded TP AndroidTargetPlatform
[2018.09.03-17.06.40:332][  0]LogTemp: Display: Loaded TP AndroidTargetPlatform
[2018.09.03-17.06.40:332][  0]LogTemp: Display: Loaded TP AndroidTargetPlatform
[2018.09.03-17.06.40:332][  0]LogTemp: Display: Loaded TP AndroidTargetPlatform
[2018.09.03-17.06.40:332][  0]LogTemp: Display: Loaded TP AndroidTargetPlatform
[2018.09.03-17.06.40:332][  0]LogTemp: Display: Loaded TP AndroidTargetPlatform
[2018.09.03-17.06.40:332][  0]LogTemp: Display: Loaded TP AndroidTargetPlatform
[2018.09.03-17.06.40:332][  0]LogTemp: Display: Loaded TP AndroidTargetPlatform
[2018.09.03-17.06.40:332][  0]LogTemp: Display: Loaded TP AndroidTargetPlatform
[2018.09.03-17.06.40:332][  0]LogTemp: Display: Loaded TP AndroidTargetPlatform
[2018.09.03-17.06.40:332][  0]LogTemp: Display: Loaded TP AndroidTargetPlatform
[2018.09.03-17.06.40:332][  0]LogTemp: Display: Loaded TP AndroidTargetPlatform
[2018.09.03-17.06.40:332][  0]LogTemp: Display: Loaded TP AndroidTargetPlatform
[2018.09.03-17.06.40:333][  0]LogTemp: Display: Loaded TP HTML5TargetPlatform
[2018.09.03-17.06.40:391][  0]LogTemp: Display: Loaded TP IOSTargetPlatform
[2018.09.03-17.06.40:391][  0]LogTemp: Display: Loaded TP IOSTargetPlatform
[2018.09.03-17.06.40:411][  0]LogTemp: Display: Loaded TP TVOSTargetPlatform
[2018.09.03-17.06.40:411][  0]LogTemp: Display: Loaded TP TVOSTargetPlatform
[2018.09.03-17.06.40:422][  0]LogTemp: Display: Loaded TP LinuxClientTargetPlatform
[2018.09.03-17.06.40:433][  0]LogTemp: Display: Loaded TP LinuxNoEditorTargetPlatform
[2018.09.03-17.06.40:443][  0]LogTemp: Display: Loaded TP LinuxServerTargetPlatform
[2018.09.03-17.06.40:454][  0]LogTemp: Display: Loaded TP LinuxTargetPlatform
[2018.09.03-17.06.40:462][  0]LogTemp: Display: Loaded TP LuminTargetPlatform
[2018.09.03-17.06.40:462][  0]LogTargetPlatformManager: Display: Building Assets For Windows
[2018.09.03-17.06.40:510][  0]LogXGEController: Cannot use XGE Controller as Incredibuild is not installed on this machine.
[2018.09.03-17.06.40:510][  0]LogShaderCompilers: Cannot use XGE Shader Compiler as Incredibuild is not installed on this machine.
[2018.09.03-17.06.40:510][  0]LogShaderCompilers: Display: Using Local Shader Compiler.
[2018.09.03-17.06.41:168][  0]LogDerivedDataCache: Display: Max Cache Size: 512 MB
[2018.09.03-17.06.41:225][  0]LogDerivedDataCache: Loaded boot cache 0.06s 71MB C:/Users/Neil/AppData/Local/UnrealEngine/4.20/DerivedDataCache/Boot.ddc.
[2018.09.03-17.06.41:226][  0]LogDerivedDataCache: Display: Loaded Boot cache: C:/Users/Neil/AppData/Local/UnrealEngine/4.20/DerivedDataCache/Boot.ddc
[2018.09.03-17.06.41:226][  0]LogDerivedDataCache: FDerivedDataBackendGraph:  Pak pak cache file ../../../../../../../Unreal_Projects/Tutorials/DerivedDataCache/DDC.ddp not found, will not use a pak cache.
[2018.09.03-17.06.41:226][  0]LogDerivedDataCache: Unable to find inner node Pak for hierarchical cache Hierarchy.
[2018.09.03-17.06.41:226][  0]LogDerivedDataCache: FDerivedDataBackendGraph:  CompressedPak pak cache file ../../../../../../../Unreal_Projects/Tutorials/DerivedDataCache/Compressed.ddp not found, will not use a pak cache.
[2018.09.03-17.06.41:226][  0]LogDerivedDataCache: Unable to find inner node CompressedPak for hierarchical cache Hierarchy.
[2018.09.03-17.06.41:240][  0]LogDerivedDataCache: Display: Pak cache opened for reading ../../../Engine/DerivedDataCache/Compressed.ddp.
[2018.09.03-17.06.41:252][  0]LogDerivedDataCache: Using Local data cache path C:/Users/Neil/AppData/Local/UnrealEngine/Common/DerivedDataCache: Writable
[2018.09.03-17.06.41:252][  0]LogDerivedDataCache: Shared data cache path not found in *engine.ini, will not use an Shared cache.
[2018.09.03-17.06.41:252][  0]LogDerivedDataCache: Unable to find inner node Shared for hierarchical cache Hierarchy.
[2018.09.03-17.06.41:270][  0]LogMaterial: Verifying Global Shaders for PCD3D_SM5
[2018.09.03-17.06.41:272][  0]LogSlate: Using FreeType 2.6.0
[2018.09.03-17.06.41:272][  0]LogSlate: SlateFontServices - WITH_FREETYPE: 1, WITH_HARFBUZZ: 1
[2018.09.03-17.06.41:339][  0]LogAssetRegistry: FAssetRegistry took 0.0258 seconds to start up
[2018.09.03-17.06.41:617][  0]LogInit: Selected Device Profile: [Windows]
[2018.09.03-17.06.41:730][  0]LogSimplygon: Simplygon DLL not present - disabling.
[2018.09.03-17.06.41:732][  0]LogMeshReduction: Using SimplygonSwarm for distributed automatic mesh merging
[2018.09.03-17.06.41:732][  0]LogMeshReduction: Using ProxyLODMeshReduction for automatic mesh merging
[2018.09.03-17.06.41:732][  0]LogMeshReduction: Using QuadricMeshReduction for automatic static mesh reduction
[2018.09.03-17.06.41:732][  0]LogMeshReduction: No automatic skeletal mesh reduction module available
[2018.09.03-17.06.41:750][  0]LogNetVersion: Tutorials 1.0.0, NetCL: 4212847, EngineNetVer: 5, GameNetVer: 0 (Checksum: 3929682011)
[2018.09.03-17.06.42:266][  0]LogPackageLocalizationCache: Processed 11 localized package path(s) for 2 prioritized culture(s) in 0.164962 seconds
[2018.09.03-17.06.42:275][  0]LogUObjectArray: 38425 objects as part of root set at end of initial load.
[2018.09.03-17.06.42:275][  0]LogUObjectAllocator: 6690864 out of 0 bytes used by permanent object pool.
[2018.09.03-17.06.42:275][  0]LogUObjectArray: CloseDisregardForGC: 0/0 objects in disregard for GC pool
[2018.09.03-17.06.43:186][  0]LogTcpMessaging: Initializing TcpMessaging bridge
[2018.09.03-17.06.43:198][  0]LogUdpMessaging: Initializing bridge on interface 0.0.0.0:0 to multicast group 230.0.0.1:6666.
[2018.09.03-17.06.43:523][  0]SourceControl: Source control is disabled
[2018.09.03-17.06.43:523][  0]SourceControl: Source control is disabled
[2018.09.03-17.06.43:524][  0]SourceControl: Source control is disabled
[2018.09.03-17.06.43:525][  0]SourceControl: Source control is disabled
[2018.09.03-17.06.43:689][  0]LogAndroidPermission: UAndroidPermissionCallbackProxy::GetInstance
[2018.09.03-17.06.43:747][  0]LogOcInput: OculusInput pre-init called
[2018.09.03-17.06.43:932][  0]LogEngine: Initializing Engine...
[2018.09.03-17.06.43:936][  0]LogHMD: Failed to initialize OpenVR with code 105
[2018.09.03-17.06.43:938][  0]LogStats: UGameplayTagsManager::ConstructGameplayTagTree: ImportINI prefixes -  0.000 s
[2018.09.03-17.06.43:938][  0]LogStats: UGameplayTagsManager::ConstructGameplayTagTree: Construct from data asset -  0.000 s
[2018.09.03-17.06.43:938][  0]LogStats: UGameplayTagsManager::ConstructGameplayTagTree: ImportINI -  0.000 s
[2018.09.03-17.06.43:938][  0]LogStats: UGameplayTagsManager::ConstructGameplayTagTree: GameplayTagTreeChangedEvent.Broadcast -  0.000 s
[2018.09.03-17.06.44:173][  0]LogInit: Initializing FReadOnlyCVARCache
[2018.09.03-17.06.44:188][  0]LogAIModule: Creating AISystem for world Untitled
[2018.09.03-17.06.44:198][  0]LogInit: XAudio2 using 'Speakers (Realtek High Definition Audio)' : 2 channels at 48 kHz using 32 bits per sample (channel mask 0x3)
[2018.09.03-17.06.44:211][  0]LogInit: FAudioDevice initialized.
[2018.09.03-17.06.44:212][  0]LogNetVersion: Set ProjectVersion to 1.0.0.0. Version Checksum will be recalculated on next use.
[2018.09.03-17.06.44:306][  0]LogDerivedDataCache: Saved boot cache 0.09s 71MB C:/Users/Neil/AppData/Local/UnrealEngine/4.20/DerivedDataCache/Boot.ddc.
[2018.09.03-17.06.44:317][  0]LogInit: Texture streaming: Enabled
[2018.09.03-17.06.44:334][  0]LogEngineSessionManager: EngineSessionManager initialized
[2018.09.03-17.06.44:345][  0]LogInit: Transaction tracking system initialized
[2018.09.03-17.06.44:367][  0]BlueprintLog: New page: Editor Load
[2018.09.03-17.06.44:440][  0]LocalizationService: Localization service is disabled
[2018.09.03-17.06.44:886][  0]LogCook: Display: Max memory allowance for cook 16384mb min free memory 0mb
[2018.09.03-17.06.44:886][  0]LogCook: Display: Mobile HDR setting 1
[2018.09.03-17.06.44:886][  0]LogGameplayTags: Display: UGameplayTagsManager::DoneAddingNativeTags. DelegateIsBound: 0
[2018.09.03-17.06.44:886][  0]LogStats: UGameplayTagsManager::ConstructGameplayTagTree: ImportINI prefixes -  0.000 s
[2018.09.03-17.06.44:886][  0]LogStats: UGameplayTagsManager::ConstructGameplayTagTree: Construct from data asset -  0.000 s
[2018.09.03-17.06.44:886][  0]LogStats: UGameplayTagsManager::ConstructGameplayTagTree: ImportINI -  0.000 s
[2018.09.03-17.06.44:886][  0]LogStats: UGameplayTagsManager::ConstructGameplayTagTree: GameplayTagTreeChangedEvent.Broadcast -  0.000 s
[2018.09.03-17.06.45:007][  0]LogFileCache: Scanning file cache for directory 'E:/Unreal_Projects/Tutorials/Content/' took 0.02s
[2018.09.03-17.06.45:007][  0]SourceControl: Source control is disabled
[2018.09.03-17.06.45:007][  0]Cmd: MAP LOAD FILE="../../../../../../../Unreal_Projects/Tutorials/Content/StarterContent/Maps/Minimal_Default.umap" TEMPLATE=0 SHOWPROGRESS=1 FEATURELEVEL=3
[2018.09.03-17.06.45:051][  0]LightingResults: New page: Lighting Build
[2018.09.03-17.06.45:053][  0]MapCheck: New page: Map Check
[2018.09.03-17.06.45:053][  0]LightingResults: New page: Lighting Build
[2018.09.03-17.06.47:459][  0]LogAIModule: Creating AISystem for world Minimal_Default
[2018.09.03-17.06.47:528][  0]LogEditorServer: Finished looking for orphan Actors (0.000 secs)
[2018.09.03-17.06.47:559][  0]Cmd: MAP CHECKDEP NOCLEARLOG
[2018.09.03-17.06.47:602][  0]MapCheck: Map check complete: 0 Error(s), 0 Warning(s), took 42.607ms to complete.
[2018.09.03-17.06.47:602][  0]LogFileHelpers: Loading map 'Minimal_Default' took 2.594
[2018.09.03-17.06.48:178][  0]LogSlate: Updating window title bar state: overlay mode, drag disabled, window buttons hidden, title bar hidden
[2018.09.03-17.06.48:188][  0]LogSlate: Updating window title bar state: overlay mode, drag disabled, window buttons hidden, title bar hidden
[2018.09.03-17.06.48:199][  0]LogSlate: Updating window title bar state: overlay mode, drag disabled, window buttons hidden, title bar hidden
[2018.09.03-17.06.48:209][  0]LogSlate: Updating window title bar state: overlay mode, drag disabled, window buttons hidden, title bar hidden
[2018.09.03-17.06.48:257][  0]LogCollectionManager: Loaded 0 collections in 0.001410 seconds
[2018.09.03-17.06.48:360][  0]LogFileCache: Scanning file cache for directory 'E:/Unreal_Projects/Tutorials/Saved/Collections/' took 0.01s
[2018.09.03-17.06.48:360][  0]LogFileCache: Scanning file cache for directory 'E:/Unreal_Projects/Tutorials/Content/Developers/Neil/Collections/' took 0.01s
[2018.09.03-17.06.48:360][  0]LogFileCache: Scanning file cache for directory 'E:/Unreal_Projects/Tutorials/Content/Collections/' took 0.01s
[2018.09.03-17.06.48:360][  0]LogCollectionManager: Rebuilt the GUID cache for 0 collections in 0.000000 seconds
[2018.09.03-17.06.48:370][  0]LogContentBrowser: Native class hierarchy populated in 0.0097 seconds. Added 2574 classes and 605 folders.
[2018.09.03-17.06.48:459][  0]LogContentBrowser: Native class hierarchy updated for 'WidgetCarousel' in 0.0004 seconds. Added 0 classes and 0 folders.
[2018.09.03-17.06.50:005][  0]LogContentBrowser: Native class hierarchy updated for 'AddContentDialog' in 0.0003 seconds. Added 0 classes and 0 folders.
[2018.09.03-17.06.50:071][  0]LogContentBrowser: Native class hierarchy updated for 'SceneOutliner' in 0.0004 seconds. Added 1 classes and 2 folders.
[2018.09.03-17.06.50:799][  0]LogSlate: Took 0.000197 seconds to synchronously load lazily loaded font '../../../Engine/Content/Slate/Fonts/Roboto-Regular.ttf' (155K)
[2018.09.03-17.06.50:801][  0]LogSlate: Took 0.000155 seconds to synchronously load lazily loaded font '../../../Engine/Content/Slate/Fonts/Roboto-Bold.ttf' (160K)
[2018.09.03-17.06.50:866][  0]LogSlate: Took 0.029308 seconds to synchronously load lazily loaded font '../../../Engine/Content/Editor/Slate/Fonts/FontAwesome.ttf' (139K)
[2018.09.03-17.06.51:263][  0]LogRenderer: Reallocating scene render targets to support 1208x564 Format 10 NumSamples 1 (Frame:1).
[2018.09.03-17.06.51:595][  0]LogSlate: Took 0.021255 seconds to synchronously load lazily loaded font '../../../Engine/Content/Slate/Fonts/Roboto-Light.ttf' (167K)
[2018.09.03-17.06.51:666][  0]LogContentBrowser: Native class hierarchy updated for 'HierarchicalLODOutliner' in 0.0004 seconds. Added 0 classes and 0 folders.
[2018.09.03-17.06.51:667][  0]LogLoad: (Engine Initialization) Total time: 14.93 seconds
[2018.09.03-17.06.51:667][  0]LogLoad: (Engine Initialization) Total Blueprint compile time: 0.00 seconds
[2018.09.03-17.06.51:839][  0]LogContentStreaming: Texture pool size now 1000 MB
[2018.09.03-17.06.51:928][  1]LogAssetRegistry: Asset discovery search completed in 10.6117 seconds
[2018.09.03-17.06.51:930][  1]LogCollectionManager: Rebuilt the object cache for 0 collections in 0.000000 seconds (found 0 objects)
[2018.09.03-17.06.51:930][  1]LogCollectionManager: Fixed up redirectors for 0 collections in 0.000087 seconds (updated 0 objects)
[2018.09.03-17.07.32:656][124]LogEditorViewport: Clicking on Actor (LMB): StaticMeshActor (Chair)
[2018.09.03-17.07.33:309][125]LogD3D11RHI: Error: agsDriverExtensionsDX11_SetDepthBounds(1,0.000000, 1.000000) returned error code 6. **********PLEASE UPDATE YOUR VIDEO DRIVERS*********
[2018.09.03-17.07.35:982][351]LogSlate: FSceneViewport::OnFocusLost() reason 0
[2018.09.03-17.08.13:355][662]LogSlate: Took 0.000183 seconds to synchronously load lazily loaded font '../../../Engine/Content/Slate/Fonts/Roboto-Light.ttf' (167K)
[2018.09.03-17.08.13:506][662]LogSlate: Took 0.068822 seconds to synchronously load lazily loaded font '../../../Engine/Content/Slate/Fonts/Roboto-BoldCondensed.ttf' (158K)
[2018.09.03-17.08.15:409][785]LogSlate: Window 'Add C++ Class' being destroyed
[2018.09.03-17.09.22:130][154]LogSlate: Window 'Add C++ Class' being destroyed
[2018.09.03-17.15.10:542][ 46]LogSlate: Took 0.040757 seconds to synchronously load lazily loaded font '../../../Engine/Content/Slate/Fonts/Roboto-Italic.ttf' (157K)
[2018.09.03-17.15.16:713][621]LogRenderer: Reallocating scene render targets to support 1208x572 Format 10 NumSamples 1 (Frame:14548).
[2018.09.03-17.15.16:751][622]LogRenderer: Reallocating scene render targets to support 1208x588 Format 10 NumSamples 1 (Frame:14550).
[2018.09.03-17.15.16:811][623]LogRenderer: Reallocating scene render targets to support 1208x608 Format 10 NumSamples 1 (Frame:14552).
[2018.09.03-17.15.16:856][624]LogRenderer: Reallocating scene render targets to support 1208x660 Format 10 NumSamples 1 (Frame:14554).
[2018.09.03-17.15.16:899][625]LogRenderer: Reallocating scene render targets to support 1208x688 Format 10 NumSamples 1 (Frame:14556).
[2018.09.03-17.15.16:942][626]LogRenderer: Reallocating scene render targets to support 1208x708 Format 10 NumSamples 1 (Frame:14558).
[2018.09.03-17.15.16:981][627]LogRenderer: Reallocating scene render targets to support 1208x716 Format 10 NumSamples 1 (Frame:14560).
[2018.09.03-17.15.17:019][628]LogRenderer: Reallocating scene render targets to support 1208x720 Format 10 NumSamples 1 (Frame:14562).
[2018.09.03-17.16.58:233][464]Candidate modules for hot reload:
[2018.09.03-17.16.58:233][464]  Tutorials
[2018.09.03-17.16.58:233][464]Launching UnrealBuildTool... [E:/ProgramFiles/UE4/Epic Games/UE_4.20/Engine/Binaries/DotNET/UnrealBuildTool.exe  -ModuleWithSuffix=Tutorials,1510 Win64 Development -TargetType=Editor -Project="../../../../../../../Unreal_Projects/Tutorials/Tutorials.uproject" -canskiplink "E:/Unreal_Projects/Tutorials/Tutorials.uproject" ]
[2018.09.03-17.16.58:236][464]Warning: Starting HotReload took  0.1s.
[2018.09.03-17.17.02:610][824]CompilerResultsLog: New page: Compilation - Sep 3, 2018, 3:17:02 AM
[2018.09.03-17.17.02:635][824]CompilerResultsLog: Using 'git status' to determine working set for adaptive non-unity build.
[2018.09.03-17.17.02:635][824]CompilerResultsLog: Creating makefile for hot reloading TutorialsEditor (no existing makefile)
[2018.09.03-17.17.02:635][824]CompilerResultsLog: Compiling game modules for hot reload
[2018.09.03-17.17.02:635][824]CompilerResultsLog: Using Visual Studio 2017 14.15.26726 toolchain (C:\Program Files (x86)\Microsoft Visual Studio\2017\Community\VC\Tools\MSVC\14.15.26726) and Windows 10.0.17134.0 SDK (C:\Program Files (x86)\Windows Kits\10).
[2018.09.03-17.17.02:635][824]CompilerResultsLog: Error: E:\Unreal_Projects\Tutorials\Source\Tutorials\CameraDirector.cpp(1) : error: Expected CameraDirector.h to be first header included.
[2018.09.03-17.17.02:635][824]CompilerResultsLog: ERROR: Build canceled.
[2018.09.03-17.17.02:635][824]LogMainFrame: MainFrame: Module compiling took 4.454 seconds
[2018.09.03-17.17.02:636][824]Warning: HotReload failed, recompile failed
[2018.09.03-17.17.49:868][413]Candidate modules for hot reload:
[2018.09.03-17.17.49:868][413]  Tutorials
[2018.09.03-17.17.49:868][413]Launching UnrealBuildTool... [E:/ProgramFiles/UE4/Epic Games/UE_4.20/Engine/Binaries/DotNET/UnrealBuildTool.exe  -ModuleWithSuffix=Tutorials,1673 Win64 Development -TargetType=Editor -Project="../../../../../../../Unreal_Projects/Tutorials/Tutorials.uproject" -canskiplink "E:/Unreal_Projects/Tutorials/Tutorials.uproject" ]
[2018.09.03-17.17.49:870][413]Warning: Starting HotReload took  0.0s.
[2018.09.03-17.21.29:914][188]CompilerResultsLog: New page: Compilation - Sep 3, 2018, 3:21:29 AM
[2018.09.03-17.21.29:914][188]CompilerResultsLog: Using 'git status' to determine working set for adaptive non-unity build.
[2018.09.03-17.21.29:914][188]CompilerResultsLog: Creating makefile for hot reloading TutorialsEditor (no existing makefile)
[2018.09.03-17.21.29:914][188]CompilerResultsLog: Compiling game modules for hot reload
[2018.09.03-17.21.29:915][188]CompilerResultsLog: Using Visual Studio 2017 14.15.26726 toolchain (C:\Program Files (x86)\Microsoft Visual Studio\2017\Community\VC\Tools\MSVC\14.15.26726) and Windows 10.0.17134.0 SDK (C:\Program Files (x86)\Windows Kits\10).
[2018.09.03-17.21.29:915][188]CompilerResultsLog: Building 6 actions with 8 processes...
[2018.09.03-17.21.29:915][188]CompilerResultsLog:   [1/6] Tutorials.init.gen.cpp
[2018.09.03-17.21.29:915][188]CompilerResultsLog:   [2/6] FPSCharacter.cpp
[2018.09.03-17.21.29:915][188]CompilerResultsLog:   [3/6] CameraDirector.cpp
[2018.09.03-17.21.29:915][188]CompilerResultsLog:   [4/6] FPSCharacter.gen.cpp
[2018.09.03-17.21.29:915][188]CompilerResultsLog:   [5/6] UE4Editor-Tutorials-1673.lib
[2018.09.03-17.21.29:915][188]CompilerResultsLog:      Creating library E:\Unreal_Projects\Tutorials\Intermediate\Build\Win64\UE4Editor\Development\Tutorials\UE4Editor-Tutorials-1673.lib and object E:\Unreal_Projects\Tutorials\Intermediate\Build\Win64\UE4Editor\Development\Tutorials\UE4Editor-Tutorials-1673.exp
[2018.09.03-17.21.29:915][188]CompilerResultsLog:   [6/6] UE4Editor-Tutorials-1673.dll
[2018.09.03-17.21.29:915][188]CompilerResultsLog:      Creating library E:\Unreal_Projects\Tutorials\Intermediate\Build\Win64\UE4Editor\Development\Tutorials\UE4Editor-Tutorials-1673.suppressed.lib and object E:\Unreal_Projects\Tutorials\Intermediate\Build\Win64\UE4Editor\Development\Tutorials\UE4Editor-Tutorials-1673.suppressed.exp
[2018.09.03-17.21.29:915][188]CompilerResultsLog: Total build time: 219.66 seconds (Parallel executor: 215.30 seconds)
[2018.09.03-17.21.29:915][188]LogMainFrame: MainFrame: Module compiling took 220.057 seconds
[2018.09.03-17.21.29:964][188]LogClass: Could not find existing class FPSCharacter in package /Script/Tutorials for HotReload, assuming new class
[2018.09.03-17.21.29:966][188]LogContentBrowser: Native class hierarchy updated for 'Tutorials' in 0.0004 seconds. Added 3 classes and 2 folders.
[2018.09.03-17.21.29:969][188]Display: HotReload successful (0 functions remapped  0 scriptstructs remapped)
[2018.09.03-17.21.30:128][188]LogContentBrowser: Native class hierarchy populated in 0.0090 seconds. Added 2576 classes and 607 folders.
[2018.09.03-17.21.30:140][188]Display: HotReload took 220.3s.
[2018.09.03-17.22.15:561][307]LogSlate: Window 'Message Log' being destroyed
[2018.09.03-17.22.15:568][307]LogSlate: Window 'Message Log' being destroyed
[2018.09.03-17.34.34:984][ 78]Candidate modules for hot reload:
[2018.09.03-17.34.34:984][ 78]  Tutorials
[2018.09.03-17.34.34:984][ 78]Launching UnrealBuildTool... [E:/ProgramFiles/UE4/Epic Games/UE_4.20/Engine/Binaries/DotNET/UnrealBuildTool.exe  -ModuleWithSuffix=Tutorials,3690 Win64 Development -TargetType=Editor -Project="../../../../../../../Unreal_Projects/Tutorials/Tutorials.uproject" -canskiplink "E:/Unreal_Projects/Tutorials/Tutorials.uproject" ]
[2018.09.03-17.34.34:987][ 78]Warning: Starting HotReload took  0.0s.
[2018.09.03-17.34.38:381][358]CompilerResultsLog: New page: Compilation - Sep 3, 2018, 3:34:38 AM
[2018.09.03-17.34.38:382][358]CompilerResultsLog: Using 'git status' to determine working set for adaptive non-unity build.
[2018.09.03-17.34.38:382][358]CompilerResultsLog: Compiling game modules for hot reload
[2018.09.03-17.34.38:382][358]CompilerResultsLog: Building 3 actions with 8 processes...
[2018.09.03-17.34.38:382][358]CompilerResultsLog:   [1/3] FPSCharacter.cpp
[2018.09.03-17.34.38:382][358]CompilerResultsLog:   [2/3] UE4Editor-Tutorials-3690.lib
[2018.09.03-17.34.38:382][358]CompilerResultsLog:      Creating library E:\Unreal_Projects\Tutorials\Intermediate\Build\Win64\UE4Editor\Development\Tutorials\UE4Editor-Tutorials-3690.lib and object E:\Unreal_Projects\Tutorials\Intermediate\Build\Win64\UE4Editor\Development\Tutorials\UE4Editor-Tutorials-3690.exp
[2018.09.03-17.34.38:382][358]CompilerResultsLog:   [3/3] UE4Editor-Tutorials-3690.dll
[2018.09.03-17.34.38:382][358]CompilerResultsLog:      Creating library E:\Unreal_Projects\Tutorials\Intermediate\Build\Win64\UE4Editor\Development\Tutorials\UE4Editor-Tutorials-3690.suppressed.lib and object E:\Unreal_Projects\Tutorials\Intermediate\Build\Win64\UE4Editor\Development\Tutorials\UE4Editor-Tutorials-3690.suppressed.exp
[2018.09.03-17.34.38:382][358]CompilerResultsLog: Total build time: 3.13 seconds (Parallel executor: 1.76 seconds)
[2018.09.03-17.34.38:382][358]LogMainFrame: MainFrame: Module compiling took 3.407 seconds
[2018.09.03-17.34.38:421][358]LogContentBrowser: Native class hierarchy updated for 'Tutorials' in 0.0005 seconds. Added 3 classes and 2 folders.
[2018.09.03-17.34.38:424][358]Display: HotReload successful (0 functions remapped  0 scriptstructs remapped)
[2018.09.03-17.34.38:473][358]LogContentBrowser: Native class hierarchy populated in 0.0092 seconds. Added 2576 classes and 607 folders.
[2018.09.03-17.34.38:474][358]Display: HotReload took  3.5s.
[2018.09.03-17.38.08:279][ 27]LogEditor: Attempting to add actor of class 'FPSCharacter' to level at -490.00,520.00,8.00
[2018.09.03-17.38.10:668][273]LogSlate: FSceneViewport::OnFocusLost() reason 0
[2018.09.03-17.41.02:368][613]LogAssetEditorManager: Opening Asset editor for Blueprint /Game/Blueprints/BP_FPSCharacter.BP_FPSCharacter
[2018.09.03-17.41.03:492][613]LogContentBrowser: Native class hierarchy updated for 'BlueprintGraph' in 0.0007 seconds. Added 116 classes and 0 folders.
[2018.09.03-17.41.05:166][613]LogSlate: Window 'Add Blueprint Class' being destroyed
[2018.09.03-17.41.05:335][613]LogRenderer: Reallocating scene render targets to support 1208x744 Format 10 NumSamples 1 (Frame:1).
[2018.09.03-17.41.48:864][876]LogFileHelpers: Editor autosave (incl. sublevels) for '/Game/StarterContent/Maps/Minimal_Default' took 0.031
[2018.09.03-17.41.48:867][876]OBJ SavePackage: Generating thumbnails for [0] asset(s) in package [/Game/Blueprints/BP_FPSCharacter] ([1] browsable assets)...
[2018.09.03-17.41.48:867][876]OBJ SavePackage: Finished generating thumbnails for package [/Game/Blueprints/BP_FPSCharacter]
[2018.09.03-17.41.49:104][876]LogSavePackage: Moving '../../../../../../../Unreal_Projects/Tutorials/Saved/BP_FPSCharacter_Auto1713D673D4074CCF39DA0A78928F82AC8.tmp' to '../../../../../../../Unreal_Projects/Tutorials/Saved/Autosaves/Game/Blueprints/BP_FPSCharacter_Auto1.uasset'
[2018.09.03-17.41.49:125][876]LogFileHelpers: Auto-saving content packages took 0.260
[2018.09.03-17.42.31:031][483]LogTemp: Executing iPhonePackager certificates Engine -bundlename com.YourCompany.Tutorials
[2018.09.03-17.42.31:031][483]LogTemp: CWD: E:\ProgramFiles\UE4\Epic Games\UE_4.20\Engine\Binaries\DotNET\IOS
[2018.09.03-17.42.31:031][483]LogTemp: Initial Dir: E:\ProgramFiles\UE4\Epic Games\UE_4.20
[2018.09.03-17.42.31:031][483]LogTemp: Env CWD: E:\ProgramFiles\UE4\Epic Games\UE_4.20\Engine\Binaries\DotNET\IOS
[2018.09.03-17.42.31:031][483]LogTemp: BranchPath = NEIL-PC/E/ProgramFiles/UE4/Epic Games/UE_4.20/Engine/Binaries --- GameBranchPath = NEIL-PC/E/ProgramFiles/UE4/Epic Games/UE_4.20/Engine/Binaries
[2018.09.03-17.42.31:031][483]LogTemp: IPP ERROR: Could not find provision directory 'C:\Users\Neil\AppData\Local/Apple Computer/MobileDevice/Provisioning Profiles/'.
[2018.09.03-17.42.31:031][483]LogSlate: Only BGRA pngs, bmps or icos are supported in by External Image Picker
[2018.09.03-17.42.43:792][266]LogUObjectGlobals: Warning: Failed to find object 'Class /Script/Tutorials.TutorialsGameMode'
[2018.09.03-17.42.56:644][ 68]LogSlate: Prevented a slow task dialog from being summoned while a context menu was open
[2018.09.03-17.44.35:743][550]LogSlate: Window 'Create New Blueprint' being destroyed
[2018.09.03-17.44.48:963][199]LogSlate: Window 'Create New Blueprint' being destroyed
[2018.09.03-17.44.48:993][199]LogAssetEditorManager: Opening Asset editor for Blueprint /Game/Blueprints/NewPawn.NewPawn
[2018.09.03-17.44.59:711][599]LogSlate: FSceneViewport::OnFocusLost() reason 0
[2018.09.03-17.44.59:815][607]LogSlate: Window 'NewPawn*' being destroyed
[2018.09.03-17.44.59:818][607]LogSlate: Window 'NewPawn*' being destroyed
[2018.09.03-17.44.59:935][607]LogActorComponent: UnregisterComponent: (/Engine/Transient.EditorFloorComp) Not registered. Aborting.
[2018.09.03-17.45.07:162][309]LogSlate: FSceneViewport::OnFocusLost() reason 0
[2018.09.03-17.45.11:682][687]LogSlate: FSceneViewport::OnFocusLost() reason 0
[2018.09.03-17.45.19:953][366]LogSlate: Prevented a slow task dialog from being summoned while a context menu was open
[2018.09.03-17.46.25:474][401]LogSlate: Prevented a slow task dialog from being summoned while a context menu was open
[2018.09.03-17.46.29:091][401]LogSlate: Prevented a slow task dialog from being summoned while a context menu was open
[2018.09.03-17.47.34:589][ 91]LogTemp: Repeating last play command: Selected Viewport
[2018.09.03-17.47.34:625][ 91]LogBlueprintUserMessages: Early PlayInEditor Detection: Level '/Game/StarterContent/Maps/Minimal_Default.Minimal_Default:PersistentLevel' has LevelScriptBlueprint '/Game/StarterContent/Maps/Minimal_Default.Minimal_Default:PersistentLevel.Minimal_Default' with GeneratedClass '/Game/StarterContent/Maps/Minimal_Default.Minimal_Default_C' with ClassGeneratedBy '/Game/StarterContent/Maps/Minimal_Default.Minimal_Default:PersistentLevel.Minimal_Default'
[2018.09.03-17.47.34:625][ 91]LogPlayLevel: PlayLevel: No blueprints needed recompiling
[2018.09.03-17.47.34:654][ 91]PIE: New page: PIE session: Minimal_Default (Sep 3, 2018, 3:47:34 AM)
[2018.09.03-17.47.34:654][ 91]LogPlayLevel: Creating play world package: /Game/StarterContent/Maps/UEDPIE_0_Minimal_Default
[2018.09.03-17.47.34:686][ 91]LogPlayLevel: PIE: StaticDuplicateObject took: (0.031430s)
[2018.09.03-17.47.34:686][ 91]LogAIModule: Creating AISystem for world Minimal_Default
[2018.09.03-17.47.34:687][ 91]LogPlayLevel: PIE: World Init took: (0.000947s)
[2018.09.03-17.47.34:687][ 91]LogPlayLevel: PIE: Created PIE world by copying editor world from /Game/StarterContent/Maps/Minimal_Default.Minimal_Default to /Game/StarterContent/Maps/UEDPIE_0_Minimal_Default.Minimal_Default (0.032611s)
[2018.09.03-17.47.34:740][ 91]LogInit: XAudio2 using 'Speakers (Realtek High Definition Audio)' : 2 channels at 48 kHz using 32 bits per sample (channel mask 0x3)
[2018.09.03-17.47.34:749][ 91]LogInit: FAudioDevice initialized.
[2018.09.03-17.47.34:794][ 91]LogLoad: Game class is 'RenderToTexture_Game_C'
[2018.09.03-17.47.34:800][ 91]LogWorld: Bringing World /Game/StarterContent/Maps/UEDPIE_0_Minimal_Default.Minimal_Default up for play (max tick rate 0) at 2018.09.03-10.47.34
[2018.09.03-17.47.34:818][ 91]LogWorld: Bringing up level for play took: 0.018142
[2018.09.03-17.47.34:890][ 91]LogContentBrowser: Native class hierarchy updated for 'MovieSceneCapture' in 0.0004 seconds. Added 10 classes and 0 folders.
[2018.09.03-17.47.34:891][ 91]LogGameMode: Display: Match State Changed from EnteringMap to WaitingToStart
[2018.09.03-17.47.34:891][ 91]LogGameState: Match State Changed from EnteringMap to WaitingToStart
[2018.09.03-17.47.34:891][ 91]LogGameMode: Display: Match State Changed from WaitingToStart to InProgress
[2018.09.03-17.47.34:918][ 91]LogGameState: Match State Changed from WaitingToStart to InProgress
[2018.09.03-17.47.34:918][ 91]PIE: Play in editor start time for /Game/StarterContent/Maps/UEDPIE_0_Minimal_Default 0.905
[2018.09.03-17.47.34:919][ 91]LogBlueprintUserMessages: Late PlayInEditor Detection: Level '/Game/StarterContent/Maps/Minimal_Default.Minimal_Default:PersistentLevel' has LevelScriptBlueprint '/Game/StarterContent/Maps/Minimal_Default.Minimal_Default:PersistentLevel.Minimal_Default' with GeneratedClass '/Game/StarterContent/Maps/Minimal_Default.Minimal_Default_C' with ClassGeneratedBy '/Game/StarterContent/Maps/Minimal_Default.Minimal_Default:PersistentLevel.Minimal_Default'
[2018.09.03-17.47.46:493][356]LogBlueprintUserMessages: Early EndPlayMap Detection: Level '/Game/StarterContent/Maps/Minimal_Default.Minimal_Default:PersistentLevel' has LevelScriptBlueprint '/Game/StarterContent/Maps/Minimal_Default.Minimal_Default:PersistentLevel.Minimal_Default' with GeneratedClass '/Game/StarterContent/Maps/Minimal_Default.Minimal_Default_C' with ClassGeneratedBy '/Game/StarterContent/Maps/Minimal_Default.Minimal_Default:PersistentLevel.Minimal_Default'
[2018.09.03-17.47.46:493][356]LogSlate: Updating window title bar state: overlay mode, drag disabled, window buttons hidden, title bar hidden
[2018.09.03-17.47.46:525][356]LogPlayLevel: Display: Shutting down PIE online subsystems
[2018.09.03-17.47.46:525][356]LogBlueprintUserMessages: Late EndPlayMap Detection: Level '/Game/StarterContent/Maps/Minimal_Default.Minimal_Default:PersistentLevel' has LevelScriptBlueprint '/Game/StarterContent/Maps/Minimal_Default.Minimal_Default:PersistentLevel.Minimal_Default' with GeneratedClass '/Game/StarterContent/Maps/Minimal_Default.Minimal_Default_C' with ClassGeneratedBy '/Game/StarterContent/Maps/Minimal_Default.Minimal_Default:PersistentLevel.Minimal_Default'
[2018.09.03-17.47.46:550][356]LogSlate: Updating window title bar state: overlay mode, drag disabled, window buttons hidden, title bar hidden
[2018.09.03-17.47.46:599][359]LogPlayLevel: Display: Destroying online subsystem :Context_8
[2018.09.03-17.47.57:316][364]LogSlate: FSceneViewport::OnFocusLost() reason 0
[2018.09.03-17.47.57:397][372]LogSlate: Window 'Project Settings' being destroyed
[2018.09.03-17.47.57:412][372]LogSlate: Window 'Project Settings' being destroyed
[2018.09.03-17.48.41:599][395]LogSlate: Only BGRA pngs, bmps or icos are supported in by External Image Picker
[2018.09.03-17.48.41:652][396]LogTemp: Executing iPhonePackager certificates Engine -bundlename com.YourCompany.Tutorials
[2018.09.03-17.48.41:652][396]LogTemp: CWD: E:\ProgramFiles\UE4\Epic Games\UE_4.20\Engine\Binaries\DotNET\IOS
[2018.09.03-17.48.41:652][396]LogTemp: Initial Dir: E:\ProgramFiles\UE4\Epic Games\UE_4.20
[2018.09.03-17.48.41:652][396]LogTemp: Env CWD: E:\ProgramFiles\UE4\Epic Games\UE_4.20\Engine\Binaries\DotNET\IOS
[2018.09.03-17.48.41:652][396]LogTemp: BranchPath = NEIL-PC/E/ProgramFiles/UE4/Epic Games/UE_4.20/Engine/Binaries --- GameBranchPath = NEIL-PC/E/ProgramFiles/UE4/Epic Games/UE_4.20/Engine/Binaries
[2018.09.03-17.48.41:652][396]LogTemp: IPP ERROR: Could not find provision directory 'C:\Users\Neil\AppData\Local/Apple Computer/MobileDevice/Provisioning Profiles/'.
[2018.09.03-17.51.51:592][421]LogSlate: Window 'Project Settings' being destroyed
[2018.09.03-17.51.51:607][421]LogSlate: Window 'Project Settings' being destroyed
[2018.09.03-17.52.29:313][617]LogSavePackage: Moving '../../../../../../../Unreal_Projects/Tutorials/Saved/Minimal_Default_Auto2B94C28F84C33FC6BB7B3A5877CB759D7.tmp' to '../../../../../../../Unreal_Projects/Tutorials/Saved/Autosaves/Game/StarterContent/Maps/Minimal_Default_Auto2.umap'
[2018.09.03-17.52.29:318][617]LogFileHelpers: Editor autosave (incl. sublevels) for '/Game/StarterContent/Maps/Minimal_Default' took 0.222
[2018.09.03-17.52.29:319][617]LogFileHelpers: Editor autosave (incl. sublevels) for all levels took 0.222
[2018.09.03-17.52.29:320][617]OBJ SavePackage: Generating thumbnails for [0] asset(s) in package [/Game/Blueprints/NewPawn] ([1] browsable assets)...
[2018.09.03-17.52.29:320][617]OBJ SavePackage: Finished generating thumbnails for package [/Game/Blueprints/NewPawn]
[2018.09.03-17.52.29:320][617]Cmd: OBJ SAVEPACKAGE PACKAGE="/Game/Blueprints/NewPawn" FILE="../../../../../../../Unreal_Projects/Tutorials/Saved/Autosaves/Game/Blueprints/NewPawn_Auto2.uasset" SILENT=false AUTOSAVING=true
[2018.09.03-17.52.29:330][617]LogSavePackage: Moving '../../../../../../../Unreal_Projects/Tutorials/Saved/NewPawn_Auto22C4BE37143BFE65557346AB2645E1E7E.tmp' to '../../../../../../../Unreal_Projects/Tutorials/Saved/Autosaves/Game/Blueprints/NewPawn_Auto2.uasset'
[2018.09.03-17.52.29:331][617]OBJ SavePackage: Generating thumbnails for [0] asset(s) in package [/Engine/ArtTools/RenderToTexture/Blueprints/RenderToTexture_Game] ([1] browsable assets)...
[2018.09.03-17.52.29:331][617]OBJ SavePackage: Finished generating thumbnails for package [/Engine/ArtTools/RenderToTexture/Blueprints/RenderToTexture_Game]
[2018.09.03-17.52.29:344][617]LogSavePackage: Moving '../../../../../../../Unreal_Projects/Tutorials/Saved/RenderToTexture_Game_Auto2588BE5114FCD1796950793BA19EC1772.tmp' to '../../../../../../../Unreal_Projects/Tutorials/Saved/Autosaves/Engine/ArtTools/RenderToTexture/Blueprints/RenderToTexture_Game_Auto2.uasset'
[2018.09.03-17.52.29:345][617]LogFileHelpers: Auto-saving content packages took 0.025
[2018.09.03-18.22.52:055][ 80]LogHotReload: New module detected: UE4Editor-Tutorials-3385.dll
[2018.09.03-18.23.53:440][264]LogHotReload: New module detected: UE4Editor-Tutorials-6645.dll
[2018.09.03-18.29.12:656][221]LogHotReload: New module detected: UE4Editor-Tutorials-8274.dll
[2018.09.03-18.29.42:012][309]LogHotReload: New module detected: UE4Editor-Tutorials-9639.dll
[2018.09.03-18.29.47:006][567]Candidate modules for hot reload:
[2018.09.03-18.29.47:006][567]  Tutorials
[2018.09.03-18.29.47:007][567]Launching UnrealBuildTool... [E:/ProgramFiles/UE4/Epic Games/UE_4.20/Engine/Binaries/DotNET/UnrealBuildTool.exe  -ModuleWithSuffix=Tutorials,4494 Win64 Development -TargetType=Editor -Project="../../../../../../../Unreal_Projects/Tutorials/Tutorials.uproject" -canskiplink "E:/Unreal_Projects/Tutorials/Tutorials.uproject" ]
[2018.09.03-18.29.47:009][567]Warning: Starting HotReload took  0.0s.
[2018.09.03-18.29.52:613][106]CompilerResultsLog: New page: Compilation - Sep 3, 2018, 4:29:52 AM
[2018.09.03-18.29.52:614][106]CompilerResultsLog: Using 'git status' to determine working set for adaptive non-unity build.
[2018.09.03-18.29.52:614][106]CompilerResultsLog: Creating makefile for hot reloading TutorialsEditor (modules to compile have changed)
[2018.09.03-18.29.52:614][106]CompilerResultsLog: Compiling game modules for hot reload
[2018.09.03-18.29.52:614][106]CompilerResultsLog: Using Visual Studio 2017 14.15.26726 toolchain (C:\Program Files (x86)\Microsoft Visual Studio\2017\Community\VC\Tools\MSVC\14.15.26726) and Windows 10.0.17134.0 SDK (C:\Program Files (x86)\Windows Kits\10).
[2018.09.03-18.29.52:614][106]CompilerResultsLog: Building 1 action with 8 processes...
[2018.09.03-18.29.52:614][106]CompilerResultsLog:   [1/1] UE4Editor-Tutorials-4494.dll
[2018.09.03-18.29.52:614][106]CompilerResultsLog:      Creating library E:\Unreal_Projects\Tutorials\Intermediate\Build\Win64\UE4Editor\Development\Tutorials\UE4Editor-Tutorials-4494.suppressed.lib and object E:\Unreal_Projects\Tutorials\Intermediate\Build\Win64\UE4Editor\Development\Tutorials\UE4Editor-Tutorials-4494.suppressed.exp
[2018.09.03-18.29.52:614][106]CompilerResultsLog: Error:   FPSCharacter.cpp.obj : error LNK2019: unresolved external symbol "public: void __cdecl AFPSCharacter::MoveForward(float)" (?MoveForward@AFPSCharacter@@QEAAXM@Z) referenced in function "public: virtual void __cdecl AFPSCharacter::SetupPlayerInputComponent(class UInputComponent *)" (?SetupPlayerInputComponent@AFPSCharacter@@UEAAXPEAVUInputComponent@@@Z)
[2018.09.03-18.29.52:614][106]CompilerResultsLog: Error:   FPSCharacter.gen.cpp.obj : error LNK2001: unresolved external symbol "public: void __cdecl AFPSCharacter::MoveForward(float)" (?MoveForward@AFPSCharacter@@QEAAXM@Z)
[2018.09.03-18.29.52:614][106]CompilerResultsLog: Error:   FPSCharacter.cpp.obj : error LNK2019: unresolved external symbol "public: void __cdecl AFPSCharacter::MoveRight(float)" (?MoveRight@AFPSCharacter@@QEAAXM@Z) referenced in function "public: virtual void __cdecl AFPSCharacter::SetupPlayerInputComponent(class UInputComponent *)" (?SetupPlayerInputComponent@AFPSCharacter@@UEAAXPEAVUInputComponent@@@Z)
[2018.09.03-18.29.52:614][106]CompilerResultsLog: Error:   FPSCharacter.gen.cpp.obj : error LNK2001: unresolved external symbol "public: void __cdecl AFPSCharacter::MoveRight(float)" (?MoveRight@AFPSCharacter@@QEAAXM@Z)
[2018.09.03-18.29.52:614][106]CompilerResultsLog: Error:   E:\Unreal_Projects\Tutorials\Binaries\Win64\UE4Editor-Tutorials-4494.dll : fatal error LNK1120: 2 unresolved externals
[2018.09.03-18.29.52:614][106]CompilerResultsLog: ERROR: UBT ERROR: Failed to produce item: E:\Unreal_Projects\Tutorials\Binaries\Win64\UE4Editor-Tutorials-4494.dll
[2018.09.03-18.29.52:614][106]CompilerResultsLog:        (see ../Programs/UnrealBuildTool/Log.txt for full exception trace)
[2018.09.03-18.29.52:614][106]CompilerResultsLog: Total build time: 5.34 seconds (Parallel executor: 0.00 seconds)
[2018.09.03-18.29.52:614][106]LogMainFrame: MainFrame: Module compiling took 5.620 seconds
[2018.09.03-18.29.52:615][106]Warning: HotReload failed, recompile failed
[2018.09.03-18.30.38:992][185]Candidate modules for hot reload:
[2018.09.03-18.30.38:992][185]  Tutorials
[2018.09.03-18.30.38:992][185]Launching UnrealBuildTool... [E:/ProgramFiles/UE4/Epic Games/UE_4.20/Engine/Binaries/DotNET/UnrealBuildTool.exe  -ModuleWithSuffix=Tutorials,9021 Win64 Development -TargetType=Editor -Project="../../../../../../../Unreal_Projects/Tutorials/Tutorials.uproject" -canskiplink "E:/Unreal_Projects/Tutorials/Tutorials.uproject" ]
[2018.09.03-18.30.38:995][185]Warning: Starting HotReload took  0.0s.
[2018.09.03-18.30.44:543][687]CompilerResultsLog: New page: Compilation - Sep 3, 2018, 4:30:44 AM
[2018.09.03-18.30.44:543][687]CompilerResultsLog: Using 'git status' to determine working set for adaptive non-unity build.
[2018.09.03-18.30.44:543][687]CompilerResultsLog: Creating makefile for hot reloading TutorialsEditor (modules to compile have changed)
[2018.09.03-18.30.44:543][687]CompilerResultsLog: Compiling game modules for hot reload
[2018.09.03-18.30.44:543][687]CompilerResultsLog: Using Visual Studio 2017 14.15.26726 toolchain (C:\Program Files (x86)\Microsoft Visual Studio\2017\Community\VC\Tools\MSVC\14.15.26726) and Windows 10.0.17134.0 SDK (C:\Program Files (x86)\Windows Kits\10).
[2018.09.03-18.30.44:543][687]CompilerResultsLog: Building 1 action with 8 processes...
[2018.09.03-18.30.44:543][687]CompilerResultsLog:   [1/1] UE4Editor-Tutorials-9021.dll
[2018.09.03-18.30.44:543][687]CompilerResultsLog:      Creating library E:\Unreal_Projects\Tutorials\Intermediate\Build\Win64\UE4Editor\Development\Tutorials\UE4Editor-Tutorials-9021.suppressed.lib and object E:\Unreal_Projects\Tutorials\Intermediate\Build\Win64\UE4Editor\Development\Tutorials\UE4Editor-Tutorials-9021.suppressed.exp
[2018.09.03-18.30.44:543][687]CompilerResultsLog: Error:   FPSCharacter.cpp.obj : error LNK2019: unresolved external symbol "public: void __cdecl AFPSCharacter::MoveForward(float)" (?MoveForward@AFPSCharacter@@QEAAXM@Z) referenced in function "public: virtual void __cdecl AFPSCharacter::SetupPlayerInputComponent(class UInputComponent *)" (?SetupPlayerInputComponent@AFPSCharacter@@UEAAXPEAVUInputComponent@@@Z)
[2018.09.03-18.30.44:543][687]CompilerResultsLog: Error:   FPSCharacter.gen.cpp.obj : error LNK2001: unresolved external symbol "public: void __cdecl AFPSCharacter::MoveForward(float)" (?MoveForward@AFPSCharacter@@QEAAXM@Z)
[2018.09.03-18.30.44:543][687]CompilerResultsLog: Error:   FPSCharacter.cpp.obj : error LNK2019: unresolved external symbol "public: void __cdecl AFPSCharacter::MoveRight(float)" (?MoveRight@AFPSCharacter@@QEAAXM@Z) referenced in function "public: virtual void __cdecl AFPSCharacter::SetupPlayerInputComponent(class UInputComponent *)" (?SetupPlayerInputComponent@AFPSCharacter@@UEAAXPEAVUInputComponent@@@Z)
[2018.09.03-18.30.44:544][687]CompilerResultsLog: Error:   FPSCharacter.gen.cpp.obj : error LNK2001: unresolved external symbol "public: void __cdecl AFPSCharacter::MoveRight(float)" (?MoveRight@AFPSCharacter@@QEAAXM@Z)
[2018.09.03-18.30.44:544][687]CompilerResultsLog: Error:   E:\Unreal_Projects\Tutorials\Binaries\Win64\UE4Editor-Tutorials-9021.dll : fatal error LNK1120: 2 unresolved externals
[2018.09.03-18.30.44:544][687]CompilerResultsLog: ERROR: UBT ERROR: Failed to produce item: E:\Unreal_Projects\Tutorials\Binaries\Win64\UE4Editor-Tutorials-9021.dll
[2018.09.03-18.30.44:544][687]CompilerResultsLog:        (see ../Programs/UnrealBuildTool/Log.txt for full exception trace)
[2018.09.03-18.30.44:544][687]CompilerResultsLog: Total build time: 5.30 seconds (Parallel executor: 0.00 seconds)
[2018.09.03-18.30.44:544][687]LogMainFrame: MainFrame: Module compiling took 5.563 seconds
[2018.09.03-18.30.44:544][687]Warning: HotReload failed, recompile failed
[2018.09.03-18.40.59:530][250]LogSlate: Window 'Message Log' being destroyed
[2018.09.03-18.40.59:544][250]LogSlate: Window 'Message Log' being destroyed
